Initial Deck imported:
[Card [name=350r Size=1 Speed=9 Range=2 Firepower=3 Cargo=0], Card [name=Avenger Size=2 Speed=5 Range=4 Firepower=3 Cargo=2], Card [name=Carrack Size=6 Speed=2 Range=10 Firepower=4 Cargo=6], Card [name=Constellation Size=4 Speed=5 Range=7 Firepower=3 Cargo=4], Card [name=Hawk Size=1 Speed=3 Range=2 Firepower=4 Cargo=0], Card [name=Hornet Size=2 Speed=5 Range=3 Firepower=4 Cargo=1], Card [name=Hurricane Size=2 Speed=5 Range=3 Firepower=5 Cargo=0], Card [name=Idris Size=8 Speed=2 Range=7 Firepower=10 Cargo=6], Card [name=m50 Size=1 Speed=10 Range=2 Firepower=2 Cargo=0], Card [name=Merchantman Size=7 Speed=3 Range=5 Firepower=6 Cargo=8], Card [name=Orion Size=10 Speed=1 Range=6 Firepower=2 Cargo=9], Card [name=Sabre Size=2 Speed=6 Range=5 Firepower=3 Cargo=1], Card [name=Vanguard Size=3 Speed=4 Range=5 Firepower=6 Cargo=1], Card [name=Titan Size=9 Speed=0 Range=4 Firepower=2 Cargo=3], Card [name=Pegasus Size=2 Speed=5 Range=4 Firepower=6 Cargo=7], Card [name=Zeus Size=2 Speed=1 Range=10 Firepower=4 Cargo=6], Card [name=Robin Size=4 Speed=0 Range=7 Firepower=3 Cargo=10], Card [name=Poseidon Size=1 Speed=6 Range=5 Firepower=4 Cargo=0], Card [name=Wasp Size=2 Speed=5 Range=2 Firepower=4 Cargo=1], Card [name=Hades Size=10 Speed=2 Range=3 Firepower=9 Cargo=1], Card [name=Timebomb Size=9 Speed=4 Range=6 Firepower=3 Cargo=2], Card [name=T64 Size=1 Speed=10 Range=3 Firepower=3 Cargo=2], Card [name=Sec39 Size=8 Speed=3 Range=4 Firepower=0 Cargo=9], Card [name=Ness Size=10 Speed=5 Range=6 Firepower=4 Cargo=2], Card [name=Katana Size=3 Speed=4 Range=7 Firepower=2 Cargo=6], Card [name=Controller Size=1 Speed=4 Range=5 Firepower=5 Cargo=6], Card [name=Ares Size=2 Speed=9 Range=5 Firepower=1 Cargo=0], Card [name=Neptune Size=1 Speed=2 Range=3 Firepower=9 Cargo=10], Card [name=Artemis Size=3 Speed=4 Range=7 Firepower=8 Cargo=5], Card [name=Star Size=6 Speed=7 Range=2 Firepower=5 Cargo=3], Card [name=Gallaxy Size=1 Speed=3 Range=5 Firepower=8 Cargo=7], Card [name=MilkyWay Size=6 Speed=7 Range=4 Firepower=0 Cargo=5], Card [name=Rovver Size=6 Speed=7 Range=4 Firepower=1 Cargo=5], Card [name=BlackHole Size=4 Speed=5 Range=6 Firepower=10 Cargo=2], Card [name=Pirate Size=1 Speed=3 Range=5 Firepower=2 Cargo=9], Card [name=Convenience Size=3 Speed=4 Range=1 Firepower=0 Cargo=2], Card [name=Stunner Size=10 Speed=6 Range=7 Firepower=5 Cargo=2], Card [name=LifeForce Size=7 Speed=5 Range=1 Firepower=6 Cargo=0], Card [name=Enforcer Size=3 Speed=4 Range=9 Firepower=2 Cargo=1], Card [name=Blue Size=5 Speed=6 Range=8 Firepower=7 Cargo=0]]
---------------------------------------------------------------
Shuffled Deck:
[Card [name=Wasp Size=2 Speed=5 Range=2 Firepower=4 Cargo=1], Card [name=Hornet Size=2 Speed=5 Range=3 Firepower=4 Cargo=1], Card [name=Katana Size=3 Speed=4 Range=7 Firepower=2 Cargo=6], Card [name=Timebomb Size=9 Speed=4 Range=6 Firepower=3 Cargo=2], Card [name=LifeForce Size=7 Speed=5 Range=1 Firepower=6 Cargo=0], Card [name=Convenience Size=3 Speed=4 Range=1 Firepower=0 Cargo=2], Card [name=Hurricane Size=2 Speed=5 Range=3 Firepower=5 Cargo=0], Card [name=Zeus Size=2 Speed=1 Range=10 Firepower=4 Cargo=6], Card [name=Rovver Size=6 Speed=7 Range=4 Firepower=1 Cargo=5], Card [name=Orion Size=10 Speed=1 Range=6 Firepower=2 Cargo=9], Card [name=Ness Size=10 Speed=5 Range=6 Firepower=4 Cargo=2], Card [name=Pirate Size=1 Speed=3 Range=5 Firepower=2 Cargo=9], Card [name=Idris Size=8 Speed=2 Range=7 Firepower=10 Cargo=6], Card [name=Carrack Size=6 Speed=2 Range=10 Firepower=4 Cargo=6], Card [name=Neptune Size=1 Speed=2 Range=3 Firepower=9 Cargo=10], Card [name=Poseidon Size=1 Speed=6 Range=5 Firepower=4 Cargo=0], Card [name=Controller Size=1 Speed=4 Range=5 Firepower=5 Cargo=6], Card [name=Enforcer Size=3 Speed=4 Range=9 Firepower=2 Cargo=1], Card [name=Constellation Size=4 Speed=5 Range=7 Firepower=3 Cargo=4], Card [name=Ares Size=2 Speed=9 Range=5 Firepower=1 Cargo=0], Card [name=Avenger Size=2 Speed=5 Range=4 Firepower=3 Cargo=2], Card [name=Gallaxy Size=1 Speed=3 Range=5 Firepower=8 Cargo=7], Card [name=Pegasus Size=2 Speed=5 Range=4 Firepower=6 Cargo=7], Card [name=T64 Size=1 Speed=10 Range=3 Firepower=3 Cargo=2], Card [name=Blue Size=5 Speed=6 Range=8 Firepower=7 Cargo=0], Card [name=Sec39 Size=8 Speed=3 Range=4 Firepower=0 Cargo=9], Card [name=Star Size=6 Speed=7 Range=2 Firepower=5 Cargo=3], Card [name=Merchantman Size=7 Speed=3 Range=5 Firepower=6 Cargo=8], Card [name=Titan Size=9 Speed=0 Range=4 Firepower=2 Cargo=3], Card [name=BlackHole Size=4 Speed=5 Range=6 Firepower=10 Cargo=2], Card [name=MilkyWay Size=6 Speed=7 Range=4 Firepower=0 Cargo=5], Card [name=m50 Size=1 Speed=10 Range=2 Firepower=2 Cargo=0], Card [name=Hades Size=10 Speed=2 Range=3 Firepower=9 Cargo=1], Card [name=Hawk Size=1 Speed=3 Range=2 Firepower=4 Cargo=0], Card [name=Artemis Size=3 Speed=4 Range=7 Firepower=8 Cargo=5], Card [name=Robin Size=4 Speed=0 Range=7 Firepower=3 Cargo=10], Card [name=Stunner Size=10 Speed=6 Range=7 Firepower=5 Cargo=2], Card [name=Vanguard Size=3 Speed=4 Range=5 Firepower=6 Cargo=1], Card [name=Sabre Size=2 Speed=6 Range=5 Firepower=3 Cargo=1], Card [name=350r Size=1 Speed=9 Range=2 Firepower=3 Cargo=0]]
---------------------------------------------------------------
You
Card [name=Wasp Size=2 Speed=5 Range=2 Firepower=4 Cargo=1]
Card [name=Hornet Size=2 Speed=5 Range=3 Firepower=4 Cargo=1]
Card [name=Katana Size=3 Speed=4 Range=7 Firepower=2 Cargo=6]
Card [name=Timebomb Size=9 Speed=4 Range=6 Firepower=3 Cargo=2]
Card [name=LifeForce Size=7 Speed=5 Range=1 Firepower=6 Cargo=0]
Card [name=Convenience Size=3 Speed=4 Range=1 Firepower=0 Cargo=2]
Card [name=Hurricane Size=2 Speed=5 Range=3 Firepower=5 Cargo=0]
Card [name=Zeus Size=2 Speed=1 Range=10 Firepower=4 Cargo=6]
AI 1
Card [name=Rovver Size=6 Speed=7 Range=4 Firepower=1 Cargo=5]
Card [name=Orion Size=10 Speed=1 Range=6 Firepower=2 Cargo=9]
Card [name=Ness Size=10 Speed=5 Range=6 Firepower=4 Cargo=2]
Card [name=Pirate Size=1 Speed=3 Range=5 Firepower=2 Cargo=9]
Card [name=Idris Size=8 Speed=2 Range=7 Firepower=10 Cargo=6]
Card [name=Carrack Size=6 Speed=2 Range=10 Firepower=4 Cargo=6]
Card [name=Neptune Size=1 Speed=2 Range=3 Firepower=9 Cargo=10]
Card [name=Poseidon Size=1 Speed=6 Range=5 Firepower=4 Cargo=0]
AI 2
Card [name=Controller Size=1 Speed=4 Range=5 Firepower=5 Cargo=6]
Card [name=Enforcer Size=3 Speed=4 Range=9 Firepower=2 Cargo=1]
Card [name=Constellation Size=4 Speed=5 Range=7 Firepower=3 Cargo=4]
Card [name=Ares Size=2 Speed=9 Range=5 Firepower=1 Cargo=0]
Card [name=Avenger Size=2 Speed=5 Range=4 Firepower=3 Cargo=2]
Card [name=Gallaxy Size=1 Speed=3 Range=5 Firepower=8 Cargo=7]
Card [name=Pegasus Size=2 Speed=5 Range=4 Firepower=6 Cargo=7]
Card [name=T64 Size=1 Speed=10 Range=3 Firepower=3 Cargo=2]
AI 3
Card [name=Blue Size=5 Speed=6 Range=8 Firepower=7 Cargo=0]
Card [name=Sec39 Size=8 Speed=3 Range=4 Firepower=0 Cargo=9]
Card [name=Star Size=6 Speed=7 Range=2 Firepower=5 Cargo=3]
Card [name=Merchantman Size=7 Speed=3 Range=5 Firepower=6 Cargo=8]
Card [name=Titan Size=9 Speed=0 Range=4 Firepower=2 Cargo=3]
Card [name=BlackHole Size=4 Speed=5 Range=6 Firepower=10 Cargo=2]
Card [name=MilkyWay Size=6 Speed=7 Range=4 Firepower=0 Cargo=5]
Card [name=m50 Size=1 Speed=10 Range=2 Firepower=2 Cargo=0]
AI 4
Card [name=Hades Size=10 Speed=2 Range=3 Firepower=9 Cargo=1]
Card [name=Hawk Size=1 Speed=3 Range=2 Firepower=4 Cargo=0]
Card [name=Artemis Size=3 Speed=4 Range=7 Firepower=8 Cargo=5]
Card [name=Robin Size=4 Speed=0 Range=7 Firepower=3 Cargo=10]
Card [name=Stunner Size=10 Speed=6 Range=7 Firepower=5 Cargo=2]
Card [name=Vanguard Size=3 Speed=4 Range=5 Firepower=6 Cargo=1]
Card [name=Sabre Size=2 Speed=6 Range=5 Firepower=3 Cargo=1]
Card [name=350r Size=1 Speed=9 Range=2 Firepower=3 Cargo=0]

---------------------------------------------------------------
Cards in play are:
You's Card [name=Wasp Size=2 Speed=5 Range=2 Firepower=4 Cargo=1]
AI 1's Card [name=Rovver Size=6 Speed=7 Range=4 Firepower=1 Cargo=5]
AI 2's Card [name=Controller Size=1 Speed=4 Range=5 Firepower=5 Cargo=6]
AI 3's Card [name=Blue Size=5 Speed=6 Range=8 Firepower=7 Cargo=0]
AI 4's Card [name=Hades Size=10 Speed=2 Range=3 Firepower=9 Cargo=1]

---------------------------------------------------------------
AI 4 chose Size
You played Size : 2
AI 1 played Size : 6
AI 2 played Size : 1
AI 3 played Size : 5
AI 4 played Size : 10

---------------------------------------------------------------
Communal Deck is empty.
---------------------------------------------------------------
You
Card [name=Hornet Size=2 Speed=5 Range=3 Firepower=4 Cargo=1]
Card [name=Katana Size=3 Speed=4 Range=7 Firepower=2 Cargo=6]
Card [name=Timebomb Size=9 Speed=4 Range=6 Firepower=3 Cargo=2]
Card [name=LifeForce Size=7 Speed=5 Range=1 Firepower=6 Cargo=0]
Card [name=Convenience Size=3 Speed=4 Range=1 Firepower=0 Cargo=2]
Card [name=Hurricane Size=2 Speed=5 Range=3 Firepower=5 Cargo=0]
Card [name=Zeus Size=2 Speed=1 Range=10 Firepower=4 Cargo=6]
AI 1
Card [name=Orion Size=10 Speed=1 Range=6 Firepower=2 Cargo=9]
Card [name=Ness Size=10 Speed=5 Range=6 Firepower=4 Cargo=2]
Card [name=Pirate Size=1 Speed=3 Range=5 Firepower=2 Cargo=9]
Card [name=Idris Size=8 Speed=2 Range=7 Firepower=10 Cargo=6]
Card [name=Carrack Size=6 Speed=2 Range=10 Firepower=4 Cargo=6]
Card [name=Neptune Size=1 Speed=2 Range=3 Firepower=9 Cargo=10]
Card [name=Poseidon Size=1 Speed=6 Range=5 Firepower=4 Cargo=0]
AI 2
Card [name=Enforcer Size=3 Speed=4 Range=9 Firepower=2 Cargo=1]
Card [name=Constellation Size=4 Speed=5 Range=7 Firepower=3 Cargo=4]
Card [name=Ares Size=2 Speed=9 Range=5 Firepower=1 Cargo=0]
Card [name=Avenger Size=2 Speed=5 Range=4 Firepower=3 Cargo=2]
Card [name=Gallaxy Size=1 Speed=3 Range=5 Firepower=8 Cargo=7]
Card [name=Pegasus Size=2 Speed=5 Range=4 Firepower=6 Cargo=7]
Card [name=T64 Size=1 Speed=10 Range=3 Firepower=3 Cargo=2]
AI 3
Card [name=Sec39 Size=8 Speed=3 Range=4 Firepower=0 Cargo=9]
Card [name=Star Size=6 Speed=7 Range=2 Firepower=5 Cargo=3]
Card [name=Merchantman Size=7 Speed=3 Range=5 Firepower=6 Cargo=8]
Card [name=Titan Size=9 Speed=0 Range=4 Firepower=2 Cargo=3]
Card [name=BlackHole Size=4 Speed=5 Range=6 Firepower=10 Cargo=2]
Card [name=MilkyWay Size=6 Speed=7 Range=4 Firepower=0 Cargo=5]
Card [name=m50 Size=1 Speed=10 Range=2 Firepower=2 Cargo=0]
AI 4
Card [name=Hawk Size=1 Speed=3 Range=2 Firepower=4 Cargo=0]
Card [name=Artemis Size=3 Speed=4 Range=7 Firepower=8 Cargo=5]
Card [name=Robin Size=4 Speed=0 Range=7 Firepower=3 Cargo=10]
Card [name=Stunner Size=10 Speed=6 Range=7 Firepower=5 Cargo=2]
Card [name=Vanguard Size=3 Speed=4 Range=5 Firepower=6 Cargo=1]
Card [name=Sabre Size=2 Speed=6 Range=5 Firepower=3 Cargo=1]
Card [name=350r Size=1 Speed=9 Range=2 Firepower=3 Cargo=0]
Card [name=Wasp Size=2 Speed=5 Range=2 Firepower=4 Cargo=1]
Card [name=Rovver Size=6 Speed=7 Range=4 Firepower=1 Cargo=5]
Card [name=Controller Size=1 Speed=4 Range=5 Firepower=5 Cargo=6]
Card [name=Blue Size=5 Speed=6 Range=8 Firepower=7 Cargo=0]
Card [name=Hades Size=10 Speed=2 Range=3 Firepower=9 Cargo=1]

---------------------------------------------------------------
Cards in play are:
You's Card [name=Hornet Size=2 Speed=5 Range=3 Firepower=4 Cargo=1]
AI 1's Card [name=Orion Size=10 Speed=1 Range=6 Firepower=2 Cargo=9]
AI 2's Card [name=Enforcer Size=3 Speed=4 Range=9 Firepower=2 Cargo=1]
AI 3's Card [name=Sec39 Size=8 Speed=3 Range=4 Firepower=0 Cargo=9]
AI 4's Card [name=Hawk Size=1 Speed=3 Range=2 Firepower=4 Cargo=0]

---------------------------------------------------------------
AI 4 chose Firepower
You played Firepower : 4
AI 1 played Firepower : 2
AI 2 played Firepower : 2
AI 3 played Firepower : 0
AI 4 played Firepower : 4

---------------------------------------------------------------
Communal Deck has:
[Card [name=Hornet Size=2 Speed=5 Range=3 Firepower=4 Cargo=1], Card [name=Orion Size=10 Speed=1 Range=6 Firepower=2 Cargo=9], Card [name=Enforcer Size=3 Speed=4 Range=9 Firepower=2 Cargo=1], Card [name=Sec39 Size=8 Speed=3 Range=4 Firepower=0 Cargo=9], Card [name=Hawk Size=1 Speed=3 Range=2 Firepower=4 Cargo=0]]
---------------------------------------------------------------
You
Card [name=Katana Size=3 Speed=4 Range=7 Firepower=2 Cargo=6]
Card [name=Timebomb Size=9 Speed=4 Range=6 Firepower=3 Cargo=2]
Card [name=LifeForce Size=7 Speed=5 Range=1 Firepower=6 Cargo=0]
Card [name=Convenience Size=3 Speed=4 Range=1 Firepower=0 Cargo=2]
Card [name=Hurricane Size=2 Speed=5 Range=3 Firepower=5 Cargo=0]
Card [name=Zeus Size=2 Speed=1 Range=10 Firepower=4 Cargo=6]
AI 1
Card [name=Ness Size=10 Speed=5 Range=6 Firepower=4 Cargo=2]
Card [name=Pirate Size=1 Speed=3 Range=5 Firepower=2 Cargo=9]
Card [name=Idris Size=8 Speed=2 Range=7 Firepower=10 Cargo=6]
Card [name=Carrack Size=6 Speed=2 Range=10 Firepower=4 Cargo=6]
Card [name=Neptune Size=1 Speed=2 Range=3 Firepower=9 Cargo=10]
Card [name=Poseidon Size=1 Speed=6 Range=5 Firepower=4 Cargo=0]
AI 2
Card [name=Constellation Size=4 Speed=5 Range=7 Firepower=3 Cargo=4]
Card [name=Ares Size=2 Speed=9 Range=5 Firepower=1 Cargo=0]
Card [name=Avenger Size=2 Speed=5 Range=4 Firepower=3 Cargo=2]
Card [name=Gallaxy Size=1 Speed=3 Range=5 Firepower=8 Cargo=7]
Card [name=Pegasus Size=2 Speed=5 Range=4 Firepower=6 Cargo=7]
Card [name=T64 Size=1 Speed=10 Range=3 Firepower=3 Cargo=2]
AI 3
Card [name=Star Size=6 Speed=7 Range=2 Firepower=5 Cargo=3]
Card [name=Merchantman Size=7 Speed=3 Range=5 Firepower=6 Cargo=8]
Card [name=Titan Size=9 Speed=0 Range=4 Firepower=2 Cargo=3]
Card [name=BlackHole Size=4 Speed=5 Range=6 Firepower=10 Cargo=2]
Card [name=MilkyWay Size=6 Speed=7 Range=4 Firepower=0 Cargo=5]
Card [name=m50 Size=1 Speed=10 Range=2 Firepower=2 Cargo=0]
AI 4
Card [name=Artemis Size=3 Speed=4 Range=7 Firepower=8 Cargo=5]
Card [name=Robin Size=4 Speed=0 Range=7 Firepower=3 Cargo=10]
Card [name=Stunner Size=10 Speed=6 Range=7 Firepower=5 Cargo=2]
Card [name=Vanguard Size=3 Speed=4 Range=5 Firepower=6 Cargo=1]
Card [name=Sabre Size=2 Speed=6 Range=5 Firepower=3 Cargo=1]
Card [name=350r Size=1 Speed=9 Range=2 Firepower=3 Cargo=0]
Card [name=Wasp Size=2 Speed=5 Range=2 Firepower=4 Cargo=1]
Card [name=Rovver Size=6 Speed=7 Range=4 Firepower=1 Cargo=5]
Card [name=Controller Size=1 Speed=4 Range=5 Firepower=5 Cargo=6]
Card [name=Blue Size=5 Speed=6 Range=8 Firepower=7 Cargo=0]
Card [name=Hades Size=10 Speed=2 Range=3 Firepower=9 Cargo=1]

---------------------------------------------------------------
Cards in play are:
You's Card [name=Katana Size=3 Speed=4 Range=7 Firepower=2 Cargo=6]
AI 1's Card [name=Ness Size=10 Speed=5 Range=6 Firepower=4 Cargo=2]
AI 2's Card [name=Constellation Size=4 Speed=5 Range=7 Firepower=3 Cargo=4]
AI 3's Card [name=Star Size=6 Speed=7 Range=2 Firepower=5 Cargo=3]
AI 4's Card [name=Artemis Size=3 Speed=4 Range=7 Firepower=8 Cargo=5]

---------------------------------------------------------------
AI 4 chose Firepower
You played Firepower : 2
AI 1 played Firepower : 4
AI 2 played Firepower : 3
AI 3 played Firepower : 5
AI 4 played Firepower : 8

---------------------------------------------------------------
Communal Deck has:
[Card [name=Hornet Size=2 Speed=5 Range=3 Firepower=4 Cargo=1], Card [name=Orion Size=10 Speed=1 Range=6 Firepower=2 Cargo=9], Card [name=Enforcer Size=3 Speed=4 Range=9 Firepower=2 Cargo=1], Card [name=Sec39 Size=8 Speed=3 Range=4 Firepower=0 Cargo=9], Card [name=Hawk Size=1 Speed=3 Range=2 Firepower=4 Cargo=0]]
---------------------------------------------------------------
You
Card [name=Timebomb Size=9 Speed=4 Range=6 Firepower=3 Cargo=2]
Card [name=LifeForce Size=7 Speed=5 Range=1 Firepower=6 Cargo=0]
Card [name=Convenience Size=3 Speed=4 Range=1 Firepower=0 Cargo=2]
Card [name=Hurricane Size=2 Speed=5 Range=3 Firepower=5 Cargo=0]
Card [name=Zeus Size=2 Speed=1 Range=10 Firepower=4 Cargo=6]
AI 1
Card [name=Pirate Size=1 Speed=3 Range=5 Firepower=2 Cargo=9]
Card [name=Idris Size=8 Speed=2 Range=7 Firepower=10 Cargo=6]
Card [name=Carrack Size=6 Speed=2 Range=10 Firepower=4 Cargo=6]
Card [name=Neptune Size=1 Speed=2 Range=3 Firepower=9 Cargo=10]
Card [name=Poseidon Size=1 Speed=6 Range=5 Firepower=4 Cargo=0]
AI 2
Card [name=Ares Size=2 Speed=9 Range=5 Firepower=1 Cargo=0]
Card [name=Avenger Size=2 Speed=5 Range=4 Firepower=3 Cargo=2]
Card [name=Gallaxy Size=1 Speed=3 Range=5 Firepower=8 Cargo=7]
Card [name=Pegasus Size=2 Speed=5 Range=4 Firepower=6 Cargo=7]
Card [name=T64 Size=1 Speed=10 Range=3 Firepower=3 Cargo=2]
AI 3
Card [name=Merchantman Size=7 Speed=3 Range=5 Firepower=6 Cargo=8]
Card [name=Titan Size=9 Speed=0 Range=4 Firepower=2 Cargo=3]
Card [name=BlackHole Size=4 Speed=5 Range=6 Firepower=10 Cargo=2]
Card [name=MilkyWay Size=6 Speed=7 Range=4 Firepower=0 Cargo=5]
Card [name=m50 Size=1 Speed=10 Range=2 Firepower=2 Cargo=0]
AI 4
Card [name=Robin Size=4 Speed=0 Range=7 Firepower=3 Cargo=10]
Card [name=Stunner Size=10 Speed=6 Range=7 Firepower=5 Cargo=2]
Card [name=Vanguard Size=3 Speed=4 Range=5 Firepower=6 Cargo=1]
Card [name=Sabre Size=2 Speed=6 Range=5 Firepower=3 Cargo=1]
Card [name=350r Size=1 Speed=9 Range=2 Firepower=3 Cargo=0]
Card [name=Wasp Size=2 Speed=5 Range=2 Firepower=4 Cargo=1]
Card [name=Rovver Size=6 Speed=7 Range=4 Firepower=1 Cargo=5]
Card [name=Controller Size=1 Speed=4 Range=5 Firepower=5 Cargo=6]
Card [name=Blue Size=5 Speed=6 Range=8 Firepower=7 Cargo=0]
Card [name=Hades Size=10 Speed=2 Range=3 Firepower=9 Cargo=1]
Card [name=Katana Size=3 Speed=4 Range=7 Firepower=2 Cargo=6]
Card [name=Ness Size=10 Speed=5 Range=6 Firepower=4 Cargo=2]
Card [name=Constellation Size=4 Speed=5 Range=7 Firepower=3 Cargo=4]
Card [name=Star Size=6 Speed=7 Range=2 Firepower=5 Cargo=3]
Card [name=Artemis Size=3 Speed=4 Range=7 Firepower=8 Cargo=5]
Card [name=Hornet Size=2 Speed=5 Range=3 Firepower=4 Cargo=1]
Card [name=Orion Size=10 Speed=1 Range=6 Firepower=2 Cargo=9]
Card [name=Enforcer Size=3 Speed=4 Range=9 Firepower=2 Cargo=1]
Card [name=Sec39 Size=8 Speed=3 Range=4 Firepower=0 Cargo=9]
Card [name=Hawk Size=1 Speed=3 Range=2 Firepower=4 Cargo=0]

---------------------------------------------------------------
Cards in play are:
You's Card [name=Timebomb Size=9 Speed=4 Range=6 Firepower=3 Cargo=2]
AI 1's Card [name=Pirate Size=1 Speed=3 Range=5 Firepower=2 Cargo=9]
AI 2's Card [name=Ares Size=2 Speed=9 Range=5 Firepower=1 Cargo=0]
AI 3's Card [name=Merchantman Size=7 Speed=3 Range=5 Firepower=6 Cargo=8]
AI 4's Card [name=Robin Size=4 Speed=0 Range=7 Firepower=3 Cargo=10]

---------------------------------------------------------------
AI 4 chose Cargo
You played Cargo : 2
AI 1 played Cargo : 9
AI 2 played Cargo : 0
AI 3 played Cargo : 8
AI 4 played Cargo : 10

---------------------------------------------------------------
Communal Deck is empty.
---------------------------------------------------------------
You
Card [name=LifeForce Size=7 Speed=5 Range=1 Firepower=6 Cargo=0]
Card [name=Convenience Size=3 Speed=4 Range=1 Firepower=0 Cargo=2]
Card [name=Hurricane Size=2 Speed=5 Range=3 Firepower=5 Cargo=0]
Card [name=Zeus Size=2 Speed=1 Range=10 Firepower=4 Cargo=6]
AI 1
Card [name=Idris Size=8 Speed=2 Range=7 Firepower=10 Cargo=6]
Card [name=Carrack Size=6 Speed=2 Range=10 Firepower=4 Cargo=6]
Card [name=Neptune Size=1 Speed=2 Range=3 Firepower=9 Cargo=10]
Card [name=Poseidon Size=1 Speed=6 Range=5 Firepower=4 Cargo=0]
AI 2
Card [name=Avenger Size=2 Speed=5 Range=4 Firepower=3 Cargo=2]
Card [name=Gallaxy Size=1 Speed=3 Range=5 Firepower=8 Cargo=7]
Card [name=Pegasus Size=2 Speed=5 Range=4 Firepower=6 Cargo=7]
Card [name=T64 Size=1 Speed=10 Range=3 Firepower=3 Cargo=2]
AI 3
Card [name=Titan Size=9 Speed=0 Range=4 Firepower=2 Cargo=3]
Card [name=BlackHole Size=4 Speed=5 Range=6 Firepower=10 Cargo=2]
Card [name=MilkyWay Size=6 Speed=7 Range=4 Firepower=0 Cargo=5]
Card [name=m50 Size=1 Speed=10 Range=2 Firepower=2 Cargo=0]
AI 4
Card [name=Stunner Size=10 Speed=6 Range=7 Firepower=5 Cargo=2]
Card [name=Vanguard Size=3 Speed=4 Range=5 Firepower=6 Cargo=1]
Card [name=Sabre Size=2 Speed=6 Range=5 Firepower=3 Cargo=1]
Card [name=350r Size=1 Speed=9 Range=2 Firepower=3 Cargo=0]
Card [name=Wasp Size=2 Speed=5 Range=2 Firepower=4 Cargo=1]
Card [name=Rovver Size=6 Speed=7 Range=4 Firepower=1 Cargo=5]
Card [name=Controller Size=1 Speed=4 Range=5 Firepower=5 Cargo=6]
Card [name=Blue Size=5 Speed=6 Range=8 Firepower=7 Cargo=0]
Card [name=Hades Size=10 Speed=2 Range=3 Firepower=9 Cargo=1]
Card [name=Katana Size=3 Speed=4 Range=7 Firepower=2 Cargo=6]
Card [name=Ness Size=10 Speed=5 Range=6 Firepower=4 Cargo=2]
Card [name=Constellation Size=4 Speed=5 Range=7 Firepower=3 Cargo=4]
Card [name=Star Size=6 Speed=7 Range=2 Firepower=5 Cargo=3]
Card [name=Artemis Size=3 Speed=4 Range=7 Firepower=8 Cargo=5]
Card [name=Hornet Size=2 Speed=5 Range=3 Firepower=4 Cargo=1]
Card [name=Orion Size=10 Speed=1 Range=6 Firepower=2 Cargo=9]
Card [name=Enforcer Size=3 Speed=4 Range=9 Firepower=2 Cargo=1]
Card [name=Sec39 Size=8 Speed=3 Range=4 Firepower=0 Cargo=9]
Card [name=Hawk Size=1 Speed=3 Range=2 Firepower=4 Cargo=0]
Card [name=Timebomb Size=9 Speed=4 Range=6 Firepower=3 Cargo=2]
Card [name=Pirate Size=1 Speed=3 Range=5 Firepower=2 Cargo=9]
Card [name=Ares Size=2 Speed=9 Range=5 Firepower=1 Cargo=0]
Card [name=Merchantman Size=7 Speed=3 Range=5 Firepower=6 Cargo=8]
Card [name=Robin Size=4 Speed=0 Range=7 Firepower=3 Cargo=10]

---------------------------------------------------------------
Cards in play are:
You's Card [name=LifeForce Size=7 Speed=5 Range=1 Firepower=6 Cargo=0]
AI 1's Card [name=Idris Size=8 Speed=2 Range=7 Firepower=10 Cargo=6]
AI 2's Card [name=Avenger Size=2 Speed=5 Range=4 Firepower=3 Cargo=2]
AI 3's Card [name=Titan Size=9 Speed=0 Range=4 Firepower=2 Cargo=3]
AI 4's Card [name=Stunner Size=10 Speed=6 Range=7 Firepower=5 Cargo=2]

---------------------------------------------------------------
AI 4 chose Size
You played Size : 7
AI 1 played Size : 8
AI 2 played Size : 2
AI 3 played Size : 9
AI 4 played Size : 10

---------------------------------------------------------------
Communal Deck is empty.
---------------------------------------------------------------
You
Card [name=Convenience Size=3 Speed=4 Range=1 Firepower=0 Cargo=2]
Card [name=Hurricane Size=2 Speed=5 Range=3 Firepower=5 Cargo=0]
Card [name=Zeus Size=2 Speed=1 Range=10 Firepower=4 Cargo=6]
AI 1
Card [name=Carrack Size=6 Speed=2 Range=10 Firepower=4 Cargo=6]
Card [name=Neptune Size=1 Speed=2 Range=3 Firepower=9 Cargo=10]
Card [name=Poseidon Size=1 Speed=6 Range=5 Firepower=4 Cargo=0]
AI 2
Card [name=Gallaxy Size=1 Speed=3 Range=5 Firepower=8 Cargo=7]
Card [name=Pegasus Size=2 Speed=5 Range=4 Firepower=6 Cargo=7]
Card [name=T64 Size=1 Speed=10 Range=3 Firepower=3 Cargo=2]
AI 3
Card [name=BlackHole Size=4 Speed=5 Range=6 Firepower=10 Cargo=2]
Card [name=MilkyWay Size=6 Speed=7 Range=4 Firepower=0 Cargo=5]
Card [name=m50 Size=1 Speed=10 Range=2 Firepower=2 Cargo=0]
AI 4
Card [name=Vanguard Size=3 Speed=4 Range=5 Firepower=6 Cargo=1]
Card [name=Sabre Size=2 Speed=6 Range=5 Firepower=3 Cargo=1]
Card [name=350r Size=1 Speed=9 Range=2 Firepower=3 Cargo=0]
Card [name=Wasp Size=2 Speed=5 Range=2 Firepower=4 Cargo=1]
Card [name=Rovver Size=6 Speed=7 Range=4 Firepower=1 Cargo=5]
Card [name=Controller Size=1 Speed=4 Range=5 Firepower=5 Cargo=6]
Card [name=Blue Size=5 Speed=6 Range=8 Firepower=7 Cargo=0]
Card [name=Hades Size=10 Speed=2 Range=3 Firepower=9 Cargo=1]
Card [name=Katana Size=3 Speed=4 Range=7 Firepower=2 Cargo=6]
Card [name=Ness Size=10 Speed=5 Range=6 Firepower=4 Cargo=2]
Card [name=Constellation Size=4 Speed=5 Range=7 Firepower=3 Cargo=4]
Card [name=Star Size=6 Speed=7 Range=2 Firepower=5 Cargo=3]
Card [name=Artemis Size=3 Speed=4 Range=7 Firepower=8 Cargo=5]
Card [name=Hornet Size=2 Speed=5 Range=3 Firepower=4 Cargo=1]
Card [name=Orion Size=10 Speed=1 Range=6 Firepower=2 Cargo=9]
Card [name=Enforcer Size=3 Speed=4 Range=9 Firepower=2 Cargo=1]
Card [name=Sec39 Size=8 Speed=3 Range=4 Firepower=0 Cargo=9]
Card [name=Hawk Size=1 Speed=3 Range=2 Firepower=4 Cargo=0]
Card [name=Timebomb Size=9 Speed=4 Range=6 Firepower=3 Cargo=2]
Card [name=Pirate Size=1 Speed=3 Range=5 Firepower=2 Cargo=9]
Card [name=Ares Size=2 Speed=9 Range=5 Firepower=1 Cargo=0]
Card [name=Merchantman Size=7 Speed=3 Range=5 Firepower=6 Cargo=8]
Card [name=Robin Size=4 Speed=0 Range=7 Firepower=3 Cargo=10]
Card [name=LifeForce Size=7 Speed=5 Range=1 Firepower=6 Cargo=0]
Card [name=Idris Size=8 Speed=2 Range=7 Firepower=10 Cargo=6]
Card [name=Avenger Size=2 Speed=5 Range=4 Firepower=3 Cargo=2]
Card [name=Titan Size=9 Speed=0 Range=4 Firepower=2 Cargo=3]
Card [name=Stunner Size=10 Speed=6 Range=7 Firepower=5 Cargo=2]

---------------------------------------------------------------
Cards in play are:
You's Card [name=Convenience Size=3 Speed=4 Range=1 Firepower=0 Cargo=2]
AI 1's Card [name=Carrack Size=6 Speed=2 Range=10 Firepower=4 Cargo=6]
AI 2's Card [name=Gallaxy Size=1 Speed=3 Range=5 Firepower=8 Cargo=7]
AI 3's Card [name=BlackHole Size=4 Speed=5 Range=6 Firepower=10 Cargo=2]
AI 4's Card [name=Vanguard Size=3 Speed=4 Range=5 Firepower=6 Cargo=1]

---------------------------------------------------------------
AI 4 chose Firepower
You played Firepower : 0
AI 1 played Firepower : 4
AI 2 played Firepower : 8
AI 3 played Firepower : 10
AI 4 played Firepower : 6

---------------------------------------------------------------
Communal Deck is empty.
---------------------------------------------------------------
You
Card [name=Hurricane Size=2 Speed=5 Range=3 Firepower=5 Cargo=0]
Card [name=Zeus Size=2 Speed=1 Range=10 Firepower=4 Cargo=6]
AI 1
Card [name=Neptune Size=1 Speed=2 Range=3 Firepower=9 Cargo=10]
Card [name=Poseidon Size=1 Speed=6 Range=5 Firepower=4 Cargo=0]
AI 2
Card [name=Pegasus Size=2 Speed=5 Range=4 Firepower=6 Cargo=7]
Card [name=T64 Size=1 Speed=10 Range=3 Firepower=3 Cargo=2]
AI 3
Card [name=MilkyWay Size=6 Speed=7 Range=4 Firepower=0 Cargo=5]
Card [name=m50 Size=1 Speed=10 Range=2 Firepower=2 Cargo=0]
Card [name=Convenience Size=3 Speed=4 Range=1 Firepower=0 Cargo=2]
Card [name=Carrack Size=6 Speed=2 Range=10 Firepower=4 Cargo=6]
Card [name=Gallaxy Size=1 Speed=3 Range=5 Firepower=8 Cargo=7]
Card [name=BlackHole Size=4 Speed=5 Range=6 Firepower=10 Cargo=2]
Card [name=Vanguard Size=3 Speed=4 Range=5 Firepower=6 Cargo=1]
AI 4
Card [name=Sabre Size=2 Speed=6 Range=5 Firepower=3 Cargo=1]
Card [name=350r Size=1 Speed=9 Range=2 Firepower=3 Cargo=0]
Card [name=Wasp Size=2 Speed=5 Range=2 Firepower=4 Cargo=1]
Card [name=Rovver Size=6 Speed=7 Range=4 Firepower=1 Cargo=5]
Card [name=Controller Size=1 Speed=4 Range=5 Firepower=5 Cargo=6]
Card [name=Blue Size=5 Speed=6 Range=8 Firepower=7 Cargo=0]
Card [name=Hades Size=10 Speed=2 Range=3 Firepower=9 Cargo=1]
Card [name=Katana Size=3 Speed=4 Range=7 Firepower=2 Cargo=6]
Card [name=Ness Size=10 Speed=5 Range=6 Firepower=4 Cargo=2]
Card [name=Constellation Size=4 Speed=5 Range=7 Firepower=3 Cargo=4]
Card [name=Star Size=6 Speed=7 Range=2 Firepower=5 Cargo=3]
Card [name=Artemis Size=3 Speed=4 Range=7 Firepower=8 Cargo=5]
Card [name=Hornet Size=2 Speed=5 Range=3 Firepower=4 Cargo=1]
Card [name=Orion Size=10 Speed=1 Range=6 Firepower=2 Cargo=9]
Card [name=Enforcer Size=3 Speed=4 Range=9 Firepower=2 Cargo=1]
Card [name=Sec39 Size=8 Speed=3 Range=4 Firepower=0 Cargo=9]
Card [name=Hawk Size=1 Speed=3 Range=2 Firepower=4 Cargo=0]
Card [name=Timebomb Size=9 Speed=4 Range=6 Firepower=3 Cargo=2]
Card [name=Pirate Size=1 Speed=3 Range=5 Firepower=2 Cargo=9]
Card [name=Ares Size=2 Speed=9 Range=5 Firepower=1 Cargo=0]
Card [name=Merchantman Size=7 Speed=3 Range=5 Firepower=6 Cargo=8]
Card [name=Robin Size=4 Speed=0 Range=7 Firepower=3 Cargo=10]
Card [name=LifeForce Size=7 Speed=5 Range=1 Firepower=6 Cargo=0]
Card [name=Idris Size=8 Speed=2 Range=7 Firepower=10 Cargo=6]
Card [name=Avenger Size=2 Speed=5 Range=4 Firepower=3 Cargo=2]
Card [name=Titan Size=9 Speed=0 Range=4 Firepower=2 Cargo=3]
Card [name=Stunner Size=10 Speed=6 Range=7 Firepower=5 Cargo=2]

---------------------------------------------------------------
Cards in play are:
You's Card [name=Hurricane Size=2 Speed=5 Range=3 Firepower=5 Cargo=0]
AI 1's Card [name=Neptune Size=1 Speed=2 Range=3 Firepower=9 Cargo=10]
AI 2's Card [name=Pegasus Size=2 Speed=5 Range=4 Firepower=6 Cargo=7]
AI 3's Card [name=MilkyWay Size=6 Speed=7 Range=4 Firepower=0 Cargo=5]
AI 4's Card [name=Sabre Size=2 Speed=6 Range=5 Firepower=3 Cargo=1]

---------------------------------------------------------------
AI 3 chose Speed
You played Speed : 5
AI 1 played Speed : 2
AI 2 played Speed : 5
AI 3 played Speed : 7
AI 4 played Speed : 6

---------------------------------------------------------------
Communal Deck is empty.
---------------------------------------------------------------
You
Card [name=Zeus Size=2 Speed=1 Range=10 Firepower=4 Cargo=6]
AI 1
Card [name=Poseidon Size=1 Speed=6 Range=5 Firepower=4 Cargo=0]
AI 2
Card [name=T64 Size=1 Speed=10 Range=3 Firepower=3 Cargo=2]
AI 3
Card [name=m50 Size=1 Speed=10 Range=2 Firepower=2 Cargo=0]
Card [name=Convenience Size=3 Speed=4 Range=1 Firepower=0 Cargo=2]
Card [name=Carrack Size=6 Speed=2 Range=10 Firepower=4 Cargo=6]
Card [name=Gallaxy Size=1 Speed=3 Range=5 Firepower=8 Cargo=7]
Card [name=BlackHole Size=4 Speed=5 Range=6 Firepower=10 Cargo=2]
Card [name=Vanguard Size=3 Speed=4 Range=5 Firepower=6 Cargo=1]
Card [name=Hurricane Size=2 Speed=5 Range=3 Firepower=5 Cargo=0]
Card [name=Neptune Size=1 Speed=2 Range=3 Firepower=9 Cargo=10]
Card [name=Pegasus Size=2 Speed=5 Range=4 Firepower=6 Cargo=7]
Card [name=MilkyWay Size=6 Speed=7 Range=4 Firepower=0 Cargo=5]
Card [name=Sabre Size=2 Speed=6 Range=5 Firepower=3 Cargo=1]
AI 4
Card [name=350r Size=1 Speed=9 Range=2 Firepower=3 Cargo=0]
Card [name=Wasp Size=2 Speed=5 Range=2 Firepower=4 Cargo=1]
Card [name=Rovver Size=6 Speed=7 Range=4 Firepower=1 Cargo=5]
Card [name=Controller Size=1 Speed=4 Range=5 Firepower=5 Cargo=6]
Card [name=Blue Size=5 Speed=6 Range=8 Firepower=7 Cargo=0]
Card [name=Hades Size=10 Speed=2 Range=3 Firepower=9 Cargo=1]
Card [name=Katana Size=3 Speed=4 Range=7 Firepower=2 Cargo=6]
Card [name=Ness Size=10 Speed=5 Range=6 Firepower=4 Cargo=2]
Card [name=Constellation Size=4 Speed=5 Range=7 Firepower=3 Cargo=4]
Card [name=Star Size=6 Speed=7 Range=2 Firepower=5 Cargo=3]
Card [name=Artemis Size=3 Speed=4 Range=7 Firepower=8 Cargo=5]
Card [name=Hornet Size=2 Speed=5 Range=3 Firepower=4 Cargo=1]
Card [name=Orion Size=10 Speed=1 Range=6 Firepower=2 Cargo=9]
Card [name=Enforcer Size=3 Speed=4 Range=9 Firepower=2 Cargo=1]
Card [name=Sec39 Size=8 Speed=3 Range=4 Firepower=0 Cargo=9]
Card [name=Hawk Size=1 Speed=3 Range=2 Firepower=4 Cargo=0]
Card [name=Timebomb Size=9 Speed=4 Range=6 Firepower=3 Cargo=2]
Card [name=Pirate Size=1 Speed=3 Range=5 Firepower=2 Cargo=9]
Card [name=Ares Size=2 Speed=9 Range=5 Firepower=1 Cargo=0]
Card [name=Merchantman Size=7 Speed=3 Range=5 Firepower=6 Cargo=8]
Card [name=Robin Size=4 Speed=0 Range=7 Firepower=3 Cargo=10]
Card [name=LifeForce Size=7 Speed=5 Range=1 Firepower=6 Cargo=0]
Card [name=Idris Size=8 Speed=2 Range=7 Firepower=10 Cargo=6]
Card [name=Avenger Size=2 Speed=5 Range=4 Firepower=3 Cargo=2]
Card [name=Titan Size=9 Speed=0 Range=4 Firepower=2 Cargo=3]
Card [name=Stunner Size=10 Speed=6 Range=7 Firepower=5 Cargo=2]

---------------------------------------------------------------
Cards in play are:
You's Card [name=Zeus Size=2 Speed=1 Range=10 Firepower=4 Cargo=6]
AI 1's Card [name=Poseidon Size=1 Speed=6 Range=5 Firepower=4 Cargo=0]
AI 2's Card [name=T64 Size=1 Speed=10 Range=3 Firepower=3 Cargo=2]
AI 3's Card [name=m50 Size=1 Speed=10 Range=2 Firepower=2 Cargo=0]
AI 4's Card [name=350r Size=1 Speed=9 Range=2 Firepower=3 Cargo=0]

---------------------------------------------------------------
AI 3 chose Speed
You played Speed : 1
AI 1 played Speed : 6
AI 2 played Speed : 10
AI 3 played Speed : 10
AI 4 played Speed : 9

---------------------------------------------------------------
Communal Deck has:
[Card [name=Zeus Size=2 Speed=1 Range=10 Firepower=4 Cargo=6], Card [name=Poseidon Size=1 Speed=6 Range=5 Firepower=4 Cargo=0], Card [name=T64 Size=1 Speed=10 Range=3 Firepower=3 Cargo=2], Card [name=m50 Size=1 Speed=10 Range=2 Firepower=2 Cargo=0], Card [name=350r Size=1 Speed=9 Range=2 Firepower=3 Cargo=0]]
---------------------------------------------------------------
You
AI 1
AI 2
AI 3
Card [name=Convenience Size=3 Speed=4 Range=1 Firepower=0 Cargo=2]
Card [name=Carrack Size=6 Speed=2 Range=10 Firepower=4 Cargo=6]
Card [name=Gallaxy Size=1 Speed=3 Range=5 Firepower=8 Cargo=7]
Card [name=BlackHole Size=4 Speed=5 Range=6 Firepower=10 Cargo=2]
Card [name=Vanguard Size=3 Speed=4 Range=5 Firepower=6 Cargo=1]
Card [name=Hurricane Size=2 Speed=5 Range=3 Firepower=5 Cargo=0]
Card [name=Neptune Size=1 Speed=2 Range=3 Firepower=9 Cargo=10]
Card [name=Pegasus Size=2 Speed=5 Range=4 Firepower=6 Cargo=7]
Card [name=MilkyWay Size=6 Speed=7 Range=4 Firepower=0 Cargo=5]
Card [name=Sabre Size=2 Speed=6 Range=5 Firepower=3 Cargo=1]
AI 4
Card [name=Wasp Size=2 Speed=5 Range=2 Firepower=4 Cargo=1]
Card [name=Rovver Size=6 Speed=7 Range=4 Firepower=1 Cargo=5]
Card [name=Controller Size=1 Speed=4 Range=5 Firepower=5 Cargo=6]
Card [name=Blue Size=5 Speed=6 Range=8 Firepower=7 Cargo=0]
Card [name=Hades Size=10 Speed=2 Range=3 Firepower=9 Cargo=1]
Card [name=Katana Size=3 Speed=4 Range=7 Firepower=2 Cargo=6]
Card [name=Ness Size=10 Speed=5 Range=6 Firepower=4 Cargo=2]
Card [name=Constellation Size=4 Speed=5 Range=7 Firepower=3 Cargo=4]
Card [name=Star Size=6 Speed=7 Range=2 Firepower=5 Cargo=3]
Card [name=Artemis Size=3 Speed=4 Range=7 Firepower=8 Cargo=5]
Card [name=Hornet Size=2 Speed=5 Range=3 Firepower=4 Cargo=1]
Card [name=Orion Size=10 Speed=1 Range=6 Firepower=2 Cargo=9]
Card [name=Enforcer Size=3 Speed=4 Range=9 Firepower=2 Cargo=1]
Card [name=Sec39 Size=8 Speed=3 Range=4 Firepower=0 Cargo=9]
Card [name=Hawk Size=1 Speed=3 Range=2 Firepower=4 Cargo=0]
Card [name=Timebomb Size=9 Speed=4 Range=6 Firepower=3 Cargo=2]
Card [name=Pirate Size=1 Speed=3 Range=5 Firepower=2 Cargo=9]
Card [name=Ares Size=2 Speed=9 Range=5 Firepower=1 Cargo=0]
Card [name=Merchantman Size=7 Speed=3 Range=5 Firepower=6 Cargo=8]
Card [name=Robin Size=4 Speed=0 Range=7 Firepower=3 Cargo=10]
Card [name=LifeForce Size=7 Speed=5 Range=1 Firepower=6 Cargo=0]
Card [name=Idris Size=8 Speed=2 Range=7 Firepower=10 Cargo=6]
Card [name=Avenger Size=2 Speed=5 Range=4 Firepower=3 Cargo=2]
Card [name=Titan Size=9 Speed=0 Range=4 Firepower=2 Cargo=3]
Card [name=Stunner Size=10 Speed=6 Range=7 Firepower=5 Cargo=2]

---------------------------------------------------------------
Cards in play are:
AI 3's Card [name=Convenience Size=3 Speed=4 Range=1 Firepower=0 Cargo=2]
AI 4's Card [name=Wasp Size=2 Speed=5 Range=2 Firepower=4 Cargo=1]

---------------------------------------------------------------
AI 3 chose Speed
AI 3 played Speed : 4
AI 4 played Speed : 5

---------------------------------------------------------------
Communal Deck has:
[Card [name=Zeus Size=2 Speed=1 Range=10 Firepower=4 Cargo=6], Card [name=Poseidon Size=1 Speed=6 Range=5 Firepower=4 Cargo=0], Card [name=T64 Size=1 Speed=10 Range=3 Firepower=3 Cargo=2], Card [name=m50 Size=1 Speed=10 Range=2 Firepower=2 Cargo=0], Card [name=350r Size=1 Speed=9 Range=2 Firepower=3 Cargo=0]]
---------------------------------------------------------------
AI 3
Card [name=Carrack Size=6 Speed=2 Range=10 Firepower=4 Cargo=6]
Card [name=Gallaxy Size=1 Speed=3 Range=5 Firepower=8 Cargo=7]
Card [name=BlackHole Size=4 Speed=5 Range=6 Firepower=10 Cargo=2]
Card [name=Vanguard Size=3 Speed=4 Range=5 Firepower=6 Cargo=1]
Card [name=Hurricane Size=2 Speed=5 Range=3 Firepower=5 Cargo=0]
Card [name=Neptune Size=1 Speed=2 Range=3 Firepower=9 Cargo=10]
Card [name=Pegasus Size=2 Speed=5 Range=4 Firepower=6 Cargo=7]
Card [name=MilkyWay Size=6 Speed=7 Range=4 Firepower=0 Cargo=5]
Card [name=Sabre Size=2 Speed=6 Range=5 Firepower=3 Cargo=1]
AI 4
Card [name=Rovver Size=6 Speed=7 Range=4 Firepower=1 Cargo=5]
Card [name=Controller Size=1 Speed=4 Range=5 Firepower=5 Cargo=6]
Card [name=Blue Size=5 Speed=6 Range=8 Firepower=7 Cargo=0]
Card [name=Hades Size=10 Speed=2 Range=3 Firepower=9 Cargo=1]
Card [name=Katana Size=3 Speed=4 Range=7 Firepower=2 Cargo=6]
Card [name=Ness Size=10 Speed=5 Range=6 Firepower=4 Cargo=2]
Card [name=Constellation Size=4 Speed=5 Range=7 Firepower=3 Cargo=4]
Card [name=Star Size=6 Speed=7 Range=2 Firepower=5 Cargo=3]
Card [name=Artemis Size=3 Speed=4 Range=7 Firepower=8 Cargo=5]
Card [name=Hornet Size=2 Speed=5 Range=3 Firepower=4 Cargo=1]
Card [name=Orion Size=10 Speed=1 Range=6 Firepower=2 Cargo=9]
Card [name=Enforcer Size=3 Speed=4 Range=9 Firepower=2 Cargo=1]
Card [name=Sec39 Size=8 Speed=3 Range=4 Firepower=0 Cargo=9]
Card [name=Hawk Size=1 Speed=3 Range=2 Firepower=4 Cargo=0]
Card [name=Timebomb Size=9 Speed=4 Range=6 Firepower=3 Cargo=2]
Card [name=Pirate Size=1 Speed=3 Range=5 Firepower=2 Cargo=9]
Card [name=Ares Size=2 Speed=9 Range=5 Firepower=1 Cargo=0]
Card [name=Merchantman Size=7 Speed=3 Range=5 Firepower=6 Cargo=8]
Card [name=Robin Size=4 Speed=0 Range=7 Firepower=3 Cargo=10]
Card [name=LifeForce Size=7 Speed=5 Range=1 Firepower=6 Cargo=0]
Card [name=Idris Size=8 Speed=2 Range=7 Firepower=10 Cargo=6]
Card [name=Avenger Size=2 Speed=5 Range=4 Firepower=3 Cargo=2]
Card [name=Titan Size=9 Speed=0 Range=4 Firepower=2 Cargo=3]
Card [name=Stunner Size=10 Speed=6 Range=7 Firepower=5 Cargo=2]
Card [name=Convenience Size=3 Speed=4 Range=1 Firepower=0 Cargo=2]
Card [name=Wasp Size=2 Speed=5 Range=2 Firepower=4 Cargo=1]
Card [name=Zeus Size=2 Speed=1 Range=10 Firepower=4 Cargo=6]
Card [name=Poseidon Size=1 Speed=6 Range=5 Firepower=4 Cargo=0]
Card [name=T64 Size=1 Speed=10 Range=3 Firepower=3 Cargo=2]
Card [name=m50 Size=1 Speed=10 Range=2 Firepower=2 Cargo=0]
Card [name=350r Size=1 Speed=9 Range=2 Firepower=3 Cargo=0]

---------------------------------------------------------------
Cards in play are:
AI 3's Card [name=Carrack Size=6 Speed=2 Range=10 Firepower=4 Cargo=6]
AI 4's Card [name=Rovver Size=6 Speed=7 Range=4 Firepower=1 Cargo=5]

---------------------------------------------------------------
AI 4 chose Speed
AI 3 played Speed : 2
AI 4 played Speed : 7

---------------------------------------------------------------
Communal Deck is empty.
---------------------------------------------------------------
AI 3
Card [name=Gallaxy Size=1 Speed=3 Range=5 Firepower=8 Cargo=7]
Card [name=BlackHole Size=4 Speed=5 Range=6 Firepower=10 Cargo=2]
Card [name=Vanguard Size=3 Speed=4 Range=5 Firepower=6 Cargo=1]
Card [name=Hurricane Size=2 Speed=5 Range=3 Firepower=5 Cargo=0]
Card [name=Neptune Size=1 Speed=2 Range=3 Firepower=9 Cargo=10]
Card [name=Pegasus Size=2 Speed=5 Range=4 Firepower=6 Cargo=7]
Card [name=MilkyWay Size=6 Speed=7 Range=4 Firepower=0 Cargo=5]
Card [name=Sabre Size=2 Speed=6 Range=5 Firepower=3 Cargo=1]
AI 4
Card [name=Controller Size=1 Speed=4 Range=5 Firepower=5 Cargo=6]
Card [name=Blue Size=5 Speed=6 Range=8 Firepower=7 Cargo=0]
Card [name=Hades Size=10 Speed=2 Range=3 Firepower=9 Cargo=1]
Card [name=Katana Size=3 Speed=4 Range=7 Firepower=2 Cargo=6]
Card [name=Ness Size=10 Speed=5 Range=6 Firepower=4 Cargo=2]
Card [name=Constellation Size=4 Speed=5 Range=7 Firepower=3 Cargo=4]
Card [name=Star Size=6 Speed=7 Range=2 Firepower=5 Cargo=3]
Card [name=Artemis Size=3 Speed=4 Range=7 Firepower=8 Cargo=5]
Card [name=Hornet Size=2 Speed=5 Range=3 Firepower=4 Cargo=1]
Card [name=Orion Size=10 Speed=1 Range=6 Firepower=2 Cargo=9]
Card [name=Enforcer Size=3 Speed=4 Range=9 Firepower=2 Cargo=1]
Card [name=Sec39 Size=8 Speed=3 Range=4 Firepower=0 Cargo=9]
Card [name=Hawk Size=1 Speed=3 Range=2 Firepower=4 Cargo=0]
Card [name=Timebomb Size=9 Speed=4 Range=6 Firepower=3 Cargo=2]
Card [name=Pirate Size=1 Speed=3 Range=5 Firepower=2 Cargo=9]
Card [name=Ares Size=2 Speed=9 Range=5 Firepower=1 Cargo=0]
Card [name=Merchantman Size=7 Speed=3 Range=5 Firepower=6 Cargo=8]
Card [name=Robin Size=4 Speed=0 Range=7 Firepower=3 Cargo=10]
Card [name=LifeForce Size=7 Speed=5 Range=1 Firepower=6 Cargo=0]
Card [name=Idris Size=8 Speed=2 Range=7 Firepower=10 Cargo=6]
Card [name=Avenger Size=2 Speed=5 Range=4 Firepower=3 Cargo=2]
Card [name=Titan Size=9 Speed=0 Range=4 Firepower=2 Cargo=3]
Card [name=Stunner Size=10 Speed=6 Range=7 Firepower=5 Cargo=2]
Card [name=Convenience Size=3 Speed=4 Range=1 Firepower=0 Cargo=2]
Card [name=Wasp Size=2 Speed=5 Range=2 Firepower=4 Cargo=1]
Card [name=Zeus Size=2 Speed=1 Range=10 Firepower=4 Cargo=6]
Card [name=Poseidon Size=1 Speed=6 Range=5 Firepower=4 Cargo=0]
Card [name=T64 Size=1 Speed=10 Range=3 Firepower=3 Cargo=2]
Card [name=m50 Size=1 Speed=10 Range=2 Firepower=2 Cargo=0]
Card [name=350r Size=1 Speed=9 Range=2 Firepower=3 Cargo=0]
Card [name=Carrack Size=6 Speed=2 Range=10 Firepower=4 Cargo=6]
Card [name=Rovver Size=6 Speed=7 Range=4 Firepower=1 Cargo=5]

---------------------------------------------------------------
Cards in play are:
AI 3's Card [name=Gallaxy Size=1 Speed=3 Range=5 Firepower=8 Cargo=7]
AI 4's Card [name=Controller Size=1 Speed=4 Range=5 Firepower=5 Cargo=6]

---------------------------------------------------------------
AI 4 chose Cargo
AI 3 played Cargo : 7
AI 4 played Cargo : 6

---------------------------------------------------------------
Communal Deck is empty.
---------------------------------------------------------------
AI 3
Card [name=BlackHole Size=4 Speed=5 Range=6 Firepower=10 Cargo=2]
Card [name=Vanguard Size=3 Speed=4 Range=5 Firepower=6 Cargo=1]
Card [name=Hurricane Size=2 Speed=5 Range=3 Firepower=5 Cargo=0]
Card [name=Neptune Size=1 Speed=2 Range=3 Firepower=9 Cargo=10]
Card [name=Pegasus Size=2 Speed=5 Range=4 Firepower=6 Cargo=7]
Card [name=MilkyWay Size=6 Speed=7 Range=4 Firepower=0 Cargo=5]
Card [name=Sabre Size=2 Speed=6 Range=5 Firepower=3 Cargo=1]
Card [name=Gallaxy Size=1 Speed=3 Range=5 Firepower=8 Cargo=7]
Card [name=Controller Size=1 Speed=4 Range=5 Firepower=5 Cargo=6]
AI 4
Card [name=Blue Size=5 Speed=6 Range=8 Firepower=7 Cargo=0]
Card [name=Hades Size=10 Speed=2 Range=3 Firepower=9 Cargo=1]
Card [name=Katana Size=3 Speed=4 Range=7 Firepower=2 Cargo=6]
Card [name=Ness Size=10 Speed=5 Range=6 Firepower=4 Cargo=2]
Card [name=Constellation Size=4 Speed=5 Range=7 Firepower=3 Cargo=4]
Card [name=Star Size=6 Speed=7 Range=2 Firepower=5 Cargo=3]
Card [name=Artemis Size=3 Speed=4 Range=7 Firepower=8 Cargo=5]
Card [name=Hornet Size=2 Speed=5 Range=3 Firepower=4 Cargo=1]
Card [name=Orion Size=10 Speed=1 Range=6 Firepower=2 Cargo=9]
Card [name=Enforcer Size=3 Speed=4 Range=9 Firepower=2 Cargo=1]
Card [name=Sec39 Size=8 Speed=3 Range=4 Firepower=0 Cargo=9]
Card [name=Hawk Size=1 Speed=3 Range=2 Firepower=4 Cargo=0]
Card [name=Timebomb Size=9 Speed=4 Range=6 Firepower=3 Cargo=2]
Card [name=Pirate Size=1 Speed=3 Range=5 Firepower=2 Cargo=9]
Card [name=Ares Size=2 Speed=9 Range=5 Firepower=1 Cargo=0]
Card [name=Merchantman Size=7 Speed=3 Range=5 Firepower=6 Cargo=8]
Card [name=Robin Size=4 Speed=0 Range=7 Firepower=3 Cargo=10]
Card [name=LifeForce Size=7 Speed=5 Range=1 Firepower=6 Cargo=0]
Card [name=Idris Size=8 Speed=2 Range=7 Firepower=10 Cargo=6]
Card [name=Avenger Size=2 Speed=5 Range=4 Firepower=3 Cargo=2]
Card [name=Titan Size=9 Speed=0 Range=4 Firepower=2 Cargo=3]
Card [name=Stunner Size=10 Speed=6 Range=7 Firepower=5 Cargo=2]
Card [name=Convenience Size=3 Speed=4 Range=1 Firepower=0 Cargo=2]
Card [name=Wasp Size=2 Speed=5 Range=2 Firepower=4 Cargo=1]
Card [name=Zeus Size=2 Speed=1 Range=10 Firepower=4 Cargo=6]
Card [name=Poseidon Size=1 Speed=6 Range=5 Firepower=4 Cargo=0]
Card [name=T64 Size=1 Speed=10 Range=3 Firepower=3 Cargo=2]
Card [name=m50 Size=1 Speed=10 Range=2 Firepower=2 Cargo=0]
Card [name=350r Size=1 Speed=9 Range=2 Firepower=3 Cargo=0]
Card [name=Carrack Size=6 Speed=2 Range=10 Firepower=4 Cargo=6]
Card [name=Rovver Size=6 Speed=7 Range=4 Firepower=1 Cargo=5]

---------------------------------------------------------------
Cards in play are:
AI 3's Card [name=BlackHole Size=4 Speed=5 Range=6 Firepower=10 Cargo=2]
AI 4's Card [name=Blue Size=5 Speed=6 Range=8 Firepower=7 Cargo=0]

---------------------------------------------------------------
AI 3 chose Firepower
AI 3 played Firepower : 10
AI 4 played Firepower : 7

---------------------------------------------------------------
Communal Deck is empty.
---------------------------------------------------------------
AI 3
Card [name=Vanguard Size=3 Speed=4 Range=5 Firepower=6 Cargo=1]
Card [name=Hurricane Size=2 Speed=5 Range=3 Firepower=5 Cargo=0]
Card [name=Neptune Size=1 Speed=2 Range=3 Firepower=9 Cargo=10]
Card [name=Pegasus Size=2 Speed=5 Range=4 Firepower=6 Cargo=7]
Card [name=MilkyWay Size=6 Speed=7 Range=4 Firepower=0 Cargo=5]
Card [name=Sabre Size=2 Speed=6 Range=5 Firepower=3 Cargo=1]
Card [name=Gallaxy Size=1 Speed=3 Range=5 Firepower=8 Cargo=7]
Card [name=Controller Size=1 Speed=4 Range=5 Firepower=5 Cargo=6]
Card [name=BlackHole Size=4 Speed=5 Range=6 Firepower=10 Cargo=2]
Card [name=Blue Size=5 Speed=6 Range=8 Firepower=7 Cargo=0]
AI 4
Card [name=Hades Size=10 Speed=2 Range=3 Firepower=9 Cargo=1]
Card [name=Katana Size=3 Speed=4 Range=7 Firepower=2 Cargo=6]
Card [name=Ness Size=10 Speed=5 Range=6 Firepower=4 Cargo=2]
Card [name=Constellation Size=4 Speed=5 Range=7 Firepower=3 Cargo=4]
Card [name=Star Size=6 Speed=7 Range=2 Firepower=5 Cargo=3]
Card [name=Artemis Size=3 Speed=4 Range=7 Firepower=8 Cargo=5]
Card [name=Hornet Size=2 Speed=5 Range=3 Firepower=4 Cargo=1]
Card [name=Orion Size=10 Speed=1 Range=6 Firepower=2 Cargo=9]
Card [name=Enforcer Size=3 Speed=4 Range=9 Firepower=2 Cargo=1]
Card [name=Sec39 Size=8 Speed=3 Range=4 Firepower=0 Cargo=9]
Card [name=Hawk Size=1 Speed=3 Range=2 Firepower=4 Cargo=0]
Card [name=Timebomb Size=9 Speed=4 Range=6 Firepower=3 Cargo=2]
Card [name=Pirate Size=1 Speed=3 Range=5 Firepower=2 Cargo=9]
Card [name=Ares Size=2 Speed=9 Range=5 Firepower=1 Cargo=0]
Card [name=Merchantman Size=7 Speed=3 Range=5 Firepower=6 Cargo=8]
Card [name=Robin Size=4 Speed=0 Range=7 Firepower=3 Cargo=10]
Card [name=LifeForce Size=7 Speed=5 Range=1 Firepower=6 Cargo=0]
Card [name=Idris Size=8 Speed=2 Range=7 Firepower=10 Cargo=6]
Card [name=Avenger Size=2 Speed=5 Range=4 Firepower=3 Cargo=2]
Card [name=Titan Size=9 Speed=0 Range=4 Firepower=2 Cargo=3]
Card [name=Stunner Size=10 Speed=6 Range=7 Firepower=5 Cargo=2]
Card [name=Convenience Size=3 Speed=4 Range=1 Firepower=0 Cargo=2]
Card [name=Wasp Size=2 Speed=5 Range=2 Firepower=4 Cargo=1]
Card [name=Zeus Size=2 Speed=1 Range=10 Firepower=4 Cargo=6]
Card [name=Poseidon Size=1 Speed=6 Range=5 Firepower=4 Cargo=0]
Card [name=T64 Size=1 Speed=10 Range=3 Firepower=3 Cargo=2]
Card [name=m50 Size=1 Speed=10 Range=2 Firepower=2 Cargo=0]
Card [name=350r Size=1 Speed=9 Range=2 Firepower=3 Cargo=0]
Card [name=Carrack Size=6 Speed=2 Range=10 Firepower=4 Cargo=6]
Card [name=Rovver Size=6 Speed=7 Range=4 Firepower=1 Cargo=5]

---------------------------------------------------------------
Cards in play are:
AI 3's Card [name=Vanguard Size=3 Speed=4 Range=5 Firepower=6 Cargo=1]
AI 4's Card [name=Hades Size=10 Speed=2 Range=3 Firepower=9 Cargo=1]

---------------------------------------------------------------
AI 3 chose Firepower
AI 3 played Firepower : 6
AI 4 played Firepower : 9

---------------------------------------------------------------
Communal Deck is empty.
---------------------------------------------------------------
AI 3
Card [name=Hurricane Size=2 Speed=5 Range=3 Firepower=5 Cargo=0]
Card [name=Neptune Size=1 Speed=2 Range=3 Firepower=9 Cargo=10]
Card [name=Pegasus Size=2 Speed=5 Range=4 Firepower=6 Cargo=7]
Card [name=MilkyWay Size=6 Speed=7 Range=4 Firepower=0 Cargo=5]
Card [name=Sabre Size=2 Speed=6 Range=5 Firepower=3 Cargo=1]
Card [name=Gallaxy Size=1 Speed=3 Range=5 Firepower=8 Cargo=7]
Card [name=Controller Size=1 Speed=4 Range=5 Firepower=5 Cargo=6]
Card [name=BlackHole Size=4 Speed=5 Range=6 Firepower=10 Cargo=2]
Card [name=Blue Size=5 Speed=6 Range=8 Firepower=7 Cargo=0]
AI 4
Card [name=Katana Size=3 Speed=4 Range=7 Firepower=2 Cargo=6]
Card [name=Ness Size=10 Speed=5 Range=6 Firepower=4 Cargo=2]
Card [name=Constellation Size=4 Speed=5 Range=7 Firepower=3 Cargo=4]
Card [name=Star Size=6 Speed=7 Range=2 Firepower=5 Cargo=3]
Card [name=Artemis Size=3 Speed=4 Range=7 Firepower=8 Cargo=5]
Card [name=Hornet Size=2 Speed=5 Range=3 Firepower=4 Cargo=1]
Card [name=Orion Size=10 Speed=1 Range=6 Firepower=2 Cargo=9]
Card [name=Enforcer Size=3 Speed=4 Range=9 Firepower=2 Cargo=1]
Card [name=Sec39 Size=8 Speed=3 Range=4 Firepower=0 Cargo=9]
Card [name=Hawk Size=1 Speed=3 Range=2 Firepower=4 Cargo=0]
Card [name=Timebomb Size=9 Speed=4 Range=6 Firepower=3 Cargo=2]
Card [name=Pirate Size=1 Speed=3 Range=5 Firepower=2 Cargo=9]
Card [name=Ares Size=2 Speed=9 Range=5 Firepower=1 Cargo=0]
Card [name=Merchantman Size=7 Speed=3 Range=5 Firepower=6 Cargo=8]
Card [name=Robin Size=4 Speed=0 Range=7 Firepower=3 Cargo=10]
Card [name=LifeForce Size=7 Speed=5 Range=1 Firepower=6 Cargo=0]
Card [name=Idris Size=8 Speed=2 Range=7 Firepower=10 Cargo=6]
Card [name=Avenger Size=2 Speed=5 Range=4 Firepower=3 Cargo=2]
Card [name=Titan Size=9 Speed=0 Range=4 Firepower=2 Cargo=3]
Card [name=Stunner Size=10 Speed=6 Range=7 Firepower=5 Cargo=2]
Card [name=Convenience Size=3 Speed=4 Range=1 Firepower=0 Cargo=2]
Card [name=Wasp Size=2 Speed=5 Range=2 Firepower=4 Cargo=1]
Card [name=Zeus Size=2 Speed=1 Range=10 Firepower=4 Cargo=6]
Card [name=Poseidon Size=1 Speed=6 Range=5 Firepower=4 Cargo=0]
Card [name=T64 Size=1 Speed=10 Range=3 Firepower=3 Cargo=2]
Card [name=m50 Size=1 Speed=10 Range=2 Firepower=2 Cargo=0]
Card [name=350r Size=1 Speed=9 Range=2 Firepower=3 Cargo=0]
Card [name=Carrack Size=6 Speed=2 Range=10 Firepower=4 Cargo=6]
Card [name=Rovver Size=6 Speed=7 Range=4 Firepower=1 Cargo=5]
Card [name=Vanguard Size=3 Speed=4 Range=5 Firepower=6 Cargo=1]
Card [name=Hades Size=10 Speed=2 Range=3 Firepower=9 Cargo=1]

---------------------------------------------------------------
Cards in play are:
AI 3's Card [name=Hurricane Size=2 Speed=5 Range=3 Firepower=5 Cargo=0]
AI 4's Card [name=Katana Size=3 Speed=4 Range=7 Firepower=2 Cargo=6]

---------------------------------------------------------------
AI 4 chose Range
AI 3 played Range : 3
AI 4 played Range : 7

---------------------------------------------------------------
Communal Deck is empty.
---------------------------------------------------------------
AI 3
Card [name=Neptune Size=1 Speed=2 Range=3 Firepower=9 Cargo=10]
Card [name=Pegasus Size=2 Speed=5 Range=4 Firepower=6 Cargo=7]
Card [name=MilkyWay Size=6 Speed=7 Range=4 Firepower=0 Cargo=5]
Card [name=Sabre Size=2 Speed=6 Range=5 Firepower=3 Cargo=1]
Card [name=Gallaxy Size=1 Speed=3 Range=5 Firepower=8 Cargo=7]
Card [name=Controller Size=1 Speed=4 Range=5 Firepower=5 Cargo=6]
Card [name=BlackHole Size=4 Speed=5 Range=6 Firepower=10 Cargo=2]
Card [name=Blue Size=5 Speed=6 Range=8 Firepower=7 Cargo=0]
AI 4
Card [name=Ness Size=10 Speed=5 Range=6 Firepower=4 Cargo=2]
Card [name=Constellation Size=4 Speed=5 Range=7 Firepower=3 Cargo=4]
Card [name=Star Size=6 Speed=7 Range=2 Firepower=5 Cargo=3]
Card [name=Artemis Size=3 Speed=4 Range=7 Firepower=8 Cargo=5]
Card [name=Hornet Size=2 Speed=5 Range=3 Firepower=4 Cargo=1]
Card [name=Orion Size=10 Speed=1 Range=6 Firepower=2 Cargo=9]
Card [name=Enforcer Size=3 Speed=4 Range=9 Firepower=2 Cargo=1]
Card [name=Sec39 Size=8 Speed=3 Range=4 Firepower=0 Cargo=9]
Card [name=Hawk Size=1 Speed=3 Range=2 Firepower=4 Cargo=0]
Card [name=Timebomb Size=9 Speed=4 Range=6 Firepower=3 Cargo=2]
Card [name=Pirate Size=1 Speed=3 Range=5 Firepower=2 Cargo=9]
Card [name=Ares Size=2 Speed=9 Range=5 Firepower=1 Cargo=0]
Card [name=Merchantman Size=7 Speed=3 Range=5 Firepower=6 Cargo=8]
Card [name=Robin Size=4 Speed=0 Range=7 Firepower=3 Cargo=10]
Card [name=LifeForce Size=7 Speed=5 Range=1 Firepower=6 Cargo=0]
Card [name=Idris Size=8 Speed=2 Range=7 Firepower=10 Cargo=6]
Card [name=Avenger Size=2 Speed=5 Range=4 Firepower=3 Cargo=2]
Card [name=Titan Size=9 Speed=0 Range=4 Firepower=2 Cargo=3]
Card [name=Stunner Size=10 Speed=6 Range=7 Firepower=5 Cargo=2]
Card [name=Convenience Size=3 Speed=4 Range=1 Firepower=0 Cargo=2]
Card [name=Wasp Size=2 Speed=5 Range=2 Firepower=4 Cargo=1]
Card [name=Zeus Size=2 Speed=1 Range=10 Firepower=4 Cargo=6]
Card [name=Poseidon Size=1 Speed=6 Range=5 Firepower=4 Cargo=0]
Card [name=T64 Size=1 Speed=10 Range=3 Firepower=3 Cargo=2]
Card [name=m50 Size=1 Speed=10 Range=2 Firepower=2 Cargo=0]
Card [name=350r Size=1 Speed=9 Range=2 Firepower=3 Cargo=0]
Card [name=Carrack Size=6 Speed=2 Range=10 Firepower=4 Cargo=6]
Card [name=Rovver Size=6 Speed=7 Range=4 Firepower=1 Cargo=5]
Card [name=Vanguard Size=3 Speed=4 Range=5 Firepower=6 Cargo=1]
Card [name=Hades Size=10 Speed=2 Range=3 Firepower=9 Cargo=1]
Card [name=Hurricane Size=2 Speed=5 Range=3 Firepower=5 Cargo=0]
Card [name=Katana Size=3 Speed=4 Range=7 Firepower=2 Cargo=6]

---------------------------------------------------------------
Cards in play are:
AI 3's Card [name=Neptune Size=1 Speed=2 Range=3 Firepower=9 Cargo=10]
AI 4's Card [name=Ness Size=10 Speed=5 Range=6 Firepower=4 Cargo=2]

---------------------------------------------------------------
AI 4 chose Size
AI 3 played Size : 1
AI 4 played Size : 10

---------------------------------------------------------------
Communal Deck is empty.
---------------------------------------------------------------
AI 3
Card [name=Pegasus Size=2 Speed=5 Range=4 Firepower=6 Cargo=7]
Card [name=MilkyWay Size=6 Speed=7 Range=4 Firepower=0 Cargo=5]
Card [name=Sabre Size=2 Speed=6 Range=5 Firepower=3 Cargo=1]
Card [name=Gallaxy Size=1 Speed=3 Range=5 Firepower=8 Cargo=7]
Card [name=Controller Size=1 Speed=4 Range=5 Firepower=5 Cargo=6]
Card [name=BlackHole Size=4 Speed=5 Range=6 Firepower=10 Cargo=2]
Card [name=Blue Size=5 Speed=6 Range=8 Firepower=7 Cargo=0]
AI 4
Card [name=Constellation Size=4 Speed=5 Range=7 Firepower=3 Cargo=4]
Card [name=Star Size=6 Speed=7 Range=2 Firepower=5 Cargo=3]
Card [name=Artemis Size=3 Speed=4 Range=7 Firepower=8 Cargo=5]
Card [name=Hornet Size=2 Speed=5 Range=3 Firepower=4 Cargo=1]
Card [name=Orion Size=10 Speed=1 Range=6 Firepower=2 Cargo=9]
Card [name=Enforcer Size=3 Speed=4 Range=9 Firepower=2 Cargo=1]
Card [name=Sec39 Size=8 Speed=3 Range=4 Firepower=0 Cargo=9]
Card [name=Hawk Size=1 Speed=3 Range=2 Firepower=4 Cargo=0]
Card [name=Timebomb Size=9 Speed=4 Range=6 Firepower=3 Cargo=2]
Card [name=Pirate Size=1 Speed=3 Range=5 Firepower=2 Cargo=9]
Card [name=Ares Size=2 Speed=9 Range=5 Firepower=1 Cargo=0]
Card [name=Merchantman Size=7 Speed=3 Range=5 Firepower=6 Cargo=8]
Card [name=Robin Size=4 Speed=0 Range=7 Firepower=3 Cargo=10]
Card [name=LifeForce Size=7 Speed=5 Range=1 Firepower=6 Cargo=0]
Card [name=Idris Size=8 Speed=2 Range=7 Firepower=10 Cargo=6]
Card [name=Avenger Size=2 Speed=5 Range=4 Firepower=3 Cargo=2]
Card [name=Titan Size=9 Speed=0 Range=4 Firepower=2 Cargo=3]
Card [name=Stunner Size=10 Speed=6 Range=7 Firepower=5 Cargo=2]
Card [name=Convenience Size=3 Speed=4 Range=1 Firepower=0 Cargo=2]
Card [name=Wasp Size=2 Speed=5 Range=2 Firepower=4 Cargo=1]
Card [name=Zeus Size=2 Speed=1 Range=10 Firepower=4 Cargo=6]
Card [name=Poseidon Size=1 Speed=6 Range=5 Firepower=4 Cargo=0]
Card [name=T64 Size=1 Speed=10 Range=3 Firepower=3 Cargo=2]
Card [name=m50 Size=1 Speed=10 Range=2 Firepower=2 Cargo=0]
Card [name=350r Size=1 Speed=9 Range=2 Firepower=3 Cargo=0]
Card [name=Carrack Size=6 Speed=2 Range=10 Firepower=4 Cargo=6]
Card [name=Rovver Size=6 Speed=7 Range=4 Firepower=1 Cargo=5]
Card [name=Vanguard Size=3 Speed=4 Range=5 Firepower=6 Cargo=1]
Card [name=Hades Size=10 Speed=2 Range=3 Firepower=9 Cargo=1]
Card [name=Hurricane Size=2 Speed=5 Range=3 Firepower=5 Cargo=0]
Card [name=Katana Size=3 Speed=4 Range=7 Firepower=2 Cargo=6]
Card [name=Neptune Size=1 Speed=2 Range=3 Firepower=9 Cargo=10]
Card [name=Ness Size=10 Speed=5 Range=6 Firepower=4 Cargo=2]

---------------------------------------------------------------
Cards in play are:
AI 3's Card [name=Pegasus Size=2 Speed=5 Range=4 Firepower=6 Cargo=7]
AI 4's Card [name=Constellation Size=4 Speed=5 Range=7 Firepower=3 Cargo=4]

---------------------------------------------------------------
AI 4 chose Range
AI 3 played Range : 4
AI 4 played Range : 7

---------------------------------------------------------------
Communal Deck is empty.
---------------------------------------------------------------
AI 3
Card [name=MilkyWay Size=6 Speed=7 Range=4 Firepower=0 Cargo=5]
Card [name=Sabre Size=2 Speed=6 Range=5 Firepower=3 Cargo=1]
Card [name=Gallaxy Size=1 Speed=3 Range=5 Firepower=8 Cargo=7]
Card [name=Controller Size=1 Speed=4 Range=5 Firepower=5 Cargo=6]
Card [name=BlackHole Size=4 Speed=5 Range=6 Firepower=10 Cargo=2]
Card [name=Blue Size=5 Speed=6 Range=8 Firepower=7 Cargo=0]
AI 4
Card [name=Star Size=6 Speed=7 Range=2 Firepower=5 Cargo=3]
Card [name=Artemis Size=3 Speed=4 Range=7 Firepower=8 Cargo=5]
Card [name=Hornet Size=2 Speed=5 Range=3 Firepower=4 Cargo=1]
Card [name=Orion Size=10 Speed=1 Range=6 Firepower=2 Cargo=9]
Card [name=Enforcer Size=3 Speed=4 Range=9 Firepower=2 Cargo=1]
Card [name=Sec39 Size=8 Speed=3 Range=4 Firepower=0 Cargo=9]
Card [name=Hawk Size=1 Speed=3 Range=2 Firepower=4 Cargo=0]
Card [name=Timebomb Size=9 Speed=4 Range=6 Firepower=3 Cargo=2]
Card [name=Pirate Size=1 Speed=3 Range=5 Firepower=2 Cargo=9]
Card [name=Ares Size=2 Speed=9 Range=5 Firepower=1 Cargo=0]
Card [name=Merchantman Size=7 Speed=3 Range=5 Firepower=6 Cargo=8]
Card [name=Robin Size=4 Speed=0 Range=7 Firepower=3 Cargo=10]
Card [name=LifeForce Size=7 Speed=5 Range=1 Firepower=6 Cargo=0]
Card [name=Idris Size=8 Speed=2 Range=7 Firepower=10 Cargo=6]
Card [name=Avenger Size=2 Speed=5 Range=4 Firepower=3 Cargo=2]
Card [name=Titan Size=9 Speed=0 Range=4 Firepower=2 Cargo=3]
Card [name=Stunner Size=10 Speed=6 Range=7 Firepower=5 Cargo=2]
Card [name=Convenience Size=3 Speed=4 Range=1 Firepower=0 Cargo=2]
Card [name=Wasp Size=2 Speed=5 Range=2 Firepower=4 Cargo=1]
Card [name=Zeus Size=2 Speed=1 Range=10 Firepower=4 Cargo=6]
Card [name=Poseidon Size=1 Speed=6 Range=5 Firepower=4 Cargo=0]
Card [name=T64 Size=1 Speed=10 Range=3 Firepower=3 Cargo=2]
Card [name=m50 Size=1 Speed=10 Range=2 Firepower=2 Cargo=0]
Card [name=350r Size=1 Speed=9 Range=2 Firepower=3 Cargo=0]
Card [name=Carrack Size=6 Speed=2 Range=10 Firepower=4 Cargo=6]
Card [name=Rovver Size=6 Speed=7 Range=4 Firepower=1 Cargo=5]
Card [name=Vanguard Size=3 Speed=4 Range=5 Firepower=6 Cargo=1]
Card [name=Hades Size=10 Speed=2 Range=3 Firepower=9 Cargo=1]
Card [name=Hurricane Size=2 Speed=5 Range=3 Firepower=5 Cargo=0]
Card [name=Katana Size=3 Speed=4 Range=7 Firepower=2 Cargo=6]
Card [name=Neptune Size=1 Speed=2 Range=3 Firepower=9 Cargo=10]
Card [name=Ness Size=10 Speed=5 Range=6 Firepower=4 Cargo=2]
Card [name=Pegasus Size=2 Speed=5 Range=4 Firepower=6 Cargo=7]
Card [name=Constellation Size=4 Speed=5 Range=7 Firepower=3 Cargo=4]

---------------------------------------------------------------
Cards in play are:
AI 3's Card [name=MilkyWay Size=6 Speed=7 Range=4 Firepower=0 Cargo=5]
AI 4's Card [name=Star Size=6 Speed=7 Range=2 Firepower=5 Cargo=3]

---------------------------------------------------------------
AI 4 chose Speed
AI 3 played Speed : 7
AI 4 played Speed : 7

---------------------------------------------------------------
Communal Deck has:
[Card [name=MilkyWay Size=6 Speed=7 Range=4 Firepower=0 Cargo=5], Card [name=Star Size=6 Speed=7 Range=2 Firepower=5 Cargo=3]]
---------------------------------------------------------------
AI 3
Card [name=Sabre Size=2 Speed=6 Range=5 Firepower=3 Cargo=1]
Card [name=Gallaxy Size=1 Speed=3 Range=5 Firepower=8 Cargo=7]
Card [name=Controller Size=1 Speed=4 Range=5 Firepower=5 Cargo=6]
Card [name=BlackHole Size=4 Speed=5 Range=6 Firepower=10 Cargo=2]
Card [name=Blue Size=5 Speed=6 Range=8 Firepower=7 Cargo=0]
AI 4
Card [name=Artemis Size=3 Speed=4 Range=7 Firepower=8 Cargo=5]
Card [name=Hornet Size=2 Speed=5 Range=3 Firepower=4 Cargo=1]
Card [name=Orion Size=10 Speed=1 Range=6 Firepower=2 Cargo=9]
Card [name=Enforcer Size=3 Speed=4 Range=9 Firepower=2 Cargo=1]
Card [name=Sec39 Size=8 Speed=3 Range=4 Firepower=0 Cargo=9]
Card [name=Hawk Size=1 Speed=3 Range=2 Firepower=4 Cargo=0]
Card [name=Timebomb Size=9 Speed=4 Range=6 Firepower=3 Cargo=2]
Card [name=Pirate Size=1 Speed=3 Range=5 Firepower=2 Cargo=9]
Card [name=Ares Size=2 Speed=9 Range=5 Firepower=1 Cargo=0]
Card [name=Merchantman Size=7 Speed=3 Range=5 Firepower=6 Cargo=8]
Card [name=Robin Size=4 Speed=0 Range=7 Firepower=3 Cargo=10]
Card [name=LifeForce Size=7 Speed=5 Range=1 Firepower=6 Cargo=0]
Card [name=Idris Size=8 Speed=2 Range=7 Firepower=10 Cargo=6]
Card [name=Avenger Size=2 Speed=5 Range=4 Firepower=3 Cargo=2]
Card [name=Titan Size=9 Speed=0 Range=4 Firepower=2 Cargo=3]
Card [name=Stunner Size=10 Speed=6 Range=7 Firepower=5 Cargo=2]
Card [name=Convenience Size=3 Speed=4 Range=1 Firepower=0 Cargo=2]
Card [name=Wasp Size=2 Speed=5 Range=2 Firepower=4 Cargo=1]
Card [name=Zeus Size=2 Speed=1 Range=10 Firepower=4 Cargo=6]
Card [name=Poseidon Size=1 Speed=6 Range=5 Firepower=4 Cargo=0]
Card [name=T64 Size=1 Speed=10 Range=3 Firepower=3 Cargo=2]
Card [name=m50 Size=1 Speed=10 Range=2 Firepower=2 Cargo=0]
Card [name=350r Size=1 Speed=9 Range=2 Firepower=3 Cargo=0]
Card [name=Carrack Size=6 Speed=2 Range=10 Firepower=4 Cargo=6]
Card [name=Rovver Size=6 Speed=7 Range=4 Firepower=1 Cargo=5]
Card [name=Vanguard Size=3 Speed=4 Range=5 Firepower=6 Cargo=1]
Card [name=Hades Size=10 Speed=2 Range=3 Firepower=9 Cargo=1]
Card [name=Hurricane Size=2 Speed=5 Range=3 Firepower=5 Cargo=0]
Card [name=Katana Size=3 Speed=4 Range=7 Firepower=2 Cargo=6]
Card [name=Neptune Size=1 Speed=2 Range=3 Firepower=9 Cargo=10]
Card [name=Ness Size=10 Speed=5 Range=6 Firepower=4 Cargo=2]
Card [name=Pegasus Size=2 Speed=5 Range=4 Firepower=6 Cargo=7]
Card [name=Constellation Size=4 Speed=5 Range=7 Firepower=3 Cargo=4]

---------------------------------------------------------------
Cards in play are:
AI 3's Card [name=Sabre Size=2 Speed=6 Range=5 Firepower=3 Cargo=1]
AI 4's Card [name=Artemis Size=3 Speed=4 Range=7 Firepower=8 Cargo=5]

---------------------------------------------------------------
AI 4 chose Firepower
AI 3 played Firepower : 3
AI 4 played Firepower : 8

---------------------------------------------------------------
Communal Deck has:
[Card [name=MilkyWay Size=6 Speed=7 Range=4 Firepower=0 Cargo=5], Card [name=Star Size=6 Speed=7 Range=2 Firepower=5 Cargo=3]]
---------------------------------------------------------------
AI 3
Card [name=Gallaxy Size=1 Speed=3 Range=5 Firepower=8 Cargo=7]
Card [name=Controller Size=1 Speed=4 Range=5 Firepower=5 Cargo=6]
Card [name=BlackHole Size=4 Speed=5 Range=6 Firepower=10 Cargo=2]
Card [name=Blue Size=5 Speed=6 Range=8 Firepower=7 Cargo=0]
AI 4
Card [name=Hornet Size=2 Speed=5 Range=3 Firepower=4 Cargo=1]
Card [name=Orion Size=10 Speed=1 Range=6 Firepower=2 Cargo=9]
Card [name=Enforcer Size=3 Speed=4 Range=9 Firepower=2 Cargo=1]
Card [name=Sec39 Size=8 Speed=3 Range=4 Firepower=0 Cargo=9]
Card [name=Hawk Size=1 Speed=3 Range=2 Firepower=4 Cargo=0]
Card [name=Timebomb Size=9 Speed=4 Range=6 Firepower=3 Cargo=2]
Card [name=Pirate Size=1 Speed=3 Range=5 Firepower=2 Cargo=9]
Card [name=Ares Size=2 Speed=9 Range=5 Firepower=1 Cargo=0]
Card [name=Merchantman Size=7 Speed=3 Range=5 Firepower=6 Cargo=8]
Card [name=Robin Size=4 Speed=0 Range=7 Firepower=3 Cargo=10]
Card [name=LifeForce Size=7 Speed=5 Range=1 Firepower=6 Cargo=0]
Card [name=Idris Size=8 Speed=2 Range=7 Firepower=10 Cargo=6]
Card [name=Avenger Size=2 Speed=5 Range=4 Firepower=3 Cargo=2]
Card [name=Titan Size=9 Speed=0 Range=4 Firepower=2 Cargo=3]
Card [name=Stunner Size=10 Speed=6 Range=7 Firepower=5 Cargo=2]
Card [name=Convenience Size=3 Speed=4 Range=1 Firepower=0 Cargo=2]
Card [name=Wasp Size=2 Speed=5 Range=2 Firepower=4 Cargo=1]
Card [name=Zeus Size=2 Speed=1 Range=10 Firepower=4 Cargo=6]
Card [name=Poseidon Size=1 Speed=6 Range=5 Firepower=4 Cargo=0]
Card [name=T64 Size=1 Speed=10 Range=3 Firepower=3 Cargo=2]
Card [name=m50 Size=1 Speed=10 Range=2 Firepower=2 Cargo=0]
Card [name=350r Size=1 Speed=9 Range=2 Firepower=3 Cargo=0]
Card [name=Carrack Size=6 Speed=2 Range=10 Firepower=4 Cargo=6]
Card [name=Rovver Size=6 Speed=7 Range=4 Firepower=1 Cargo=5]
Card [name=Vanguard Size=3 Speed=4 Range=5 Firepower=6 Cargo=1]
Card [name=Hades Size=10 Speed=2 Range=3 Firepower=9 Cargo=1]
Card [name=Hurricane Size=2 Speed=5 Range=3 Firepower=5 Cargo=0]
Card [name=Katana Size=3 Speed=4 Range=7 Firepower=2 Cargo=6]
Card [name=Neptune Size=1 Speed=2 Range=3 Firepower=9 Cargo=10]
Card [name=Ness Size=10 Speed=5 Range=6 Firepower=4 Cargo=2]
Card [name=Pegasus Size=2 Speed=5 Range=4 Firepower=6 Cargo=7]
Card [name=Constellation Size=4 Speed=5 Range=7 Firepower=3 Cargo=4]
Card [name=Sabre Size=2 Speed=6 Range=5 Firepower=3 Cargo=1]
Card [name=Artemis Size=3 Speed=4 Range=7 Firepower=8 Cargo=5]
Card [name=MilkyWay Size=6 Speed=7 Range=4 Firepower=0 Cargo=5]
Card [name=Star Size=6 Speed=7 Range=2 Firepower=5 Cargo=3]

---------------------------------------------------------------
Cards in play are:
AI 3's Card [name=Gallaxy Size=1 Speed=3 Range=5 Firepower=8 Cargo=7]
AI 4's Card [name=Hornet Size=2 Speed=5 Range=3 Firepower=4 Cargo=1]

---------------------------------------------------------------
AI 4 chose Speed
AI 3 played Speed : 3
AI 4 played Speed : 5

---------------------------------------------------------------
Communal Deck is empty.
---------------------------------------------------------------
AI 3
Card [name=Controller Size=1 Speed=4 Range=5 Firepower=5 Cargo=6]
Card [name=BlackHole Size=4 Speed=5 Range=6 Firepower=10 Cargo=2]
Card [name=Blue Size=5 Speed=6 Range=8 Firepower=7 Cargo=0]
AI 4
Card [name=Orion Size=10 Speed=1 Range=6 Firepower=2 Cargo=9]
Card [name=Enforcer Size=3 Speed=4 Range=9 Firepower=2 Cargo=1]
Card [name=Sec39 Size=8 Speed=3 Range=4 Firepower=0 Cargo=9]
Card [name=Hawk Size=1 Speed=3 Range=2 Firepower=4 Cargo=0]
Card [name=Timebomb Size=9 Speed=4 Range=6 Firepower=3 Cargo=2]
Card [name=Pirate Size=1 Speed=3 Range=5 Firepower=2 Cargo=9]
Card [name=Ares Size=2 Speed=9 Range=5 Firepower=1 Cargo=0]
Card [name=Merchantman Size=7 Speed=3 Range=5 Firepower=6 Cargo=8]
Card [name=Robin Size=4 Speed=0 Range=7 Firepower=3 Cargo=10]
Card [name=LifeForce Size=7 Speed=5 Range=1 Firepower=6 Cargo=0]
Card [name=Idris Size=8 Speed=2 Range=7 Firepower=10 Cargo=6]
Card [name=Avenger Size=2 Speed=5 Range=4 Firepower=3 Cargo=2]
Card [name=Titan Size=9 Speed=0 Range=4 Firepower=2 Cargo=3]
Card [name=Stunner Size=10 Speed=6 Range=7 Firepower=5 Cargo=2]
Card [name=Convenience Size=3 Speed=4 Range=1 Firepower=0 Cargo=2]
Card [name=Wasp Size=2 Speed=5 Range=2 Firepower=4 Cargo=1]
Card [name=Zeus Size=2 Speed=1 Range=10 Firepower=4 Cargo=6]
Card [name=Poseidon Size=1 Speed=6 Range=5 Firepower=4 Cargo=0]
Card [name=T64 Size=1 Speed=10 Range=3 Firepower=3 Cargo=2]
Card [name=m50 Size=1 Speed=10 Range=2 Firepower=2 Cargo=0]
Card [name=350r Size=1 Speed=9 Range=2 Firepower=3 Cargo=0]
Card [name=Carrack Size=6 Speed=2 Range=10 Firepower=4 Cargo=6]
Card [name=Rovver Size=6 Speed=7 Range=4 Firepower=1 Cargo=5]
Card [name=Vanguard Size=3 Speed=4 Range=5 Firepower=6 Cargo=1]
Card [name=Hades Size=10 Speed=2 Range=3 Firepower=9 Cargo=1]
Card [name=Hurricane Size=2 Speed=5 Range=3 Firepower=5 Cargo=0]
Card [name=Katana Size=3 Speed=4 Range=7 Firepower=2 Cargo=6]
Card [name=Neptune Size=1 Speed=2 Range=3 Firepower=9 Cargo=10]
Card [name=Ness Size=10 Speed=5 Range=6 Firepower=4 Cargo=2]
Card [name=Pegasus Size=2 Speed=5 Range=4 Firepower=6 Cargo=7]
Card [name=Constellation Size=4 Speed=5 Range=7 Firepower=3 Cargo=4]
Card [name=Sabre Size=2 Speed=6 Range=5 Firepower=3 Cargo=1]
Card [name=Artemis Size=3 Speed=4 Range=7 Firepower=8 Cargo=5]
Card [name=MilkyWay Size=6 Speed=7 Range=4 Firepower=0 Cargo=5]
Card [name=Star Size=6 Speed=7 Range=2 Firepower=5 Cargo=3]
Card [name=Gallaxy Size=1 Speed=3 Range=5 Firepower=8 Cargo=7]
Card [name=Hornet Size=2 Speed=5 Range=3 Firepower=4 Cargo=1]

---------------------------------------------------------------
Cards in play are:
AI 3's Card [name=Controller Size=1 Speed=4 Range=5 Firepower=5 Cargo=6]
AI 4's Card [name=Orion Size=10 Speed=1 Range=6 Firepower=2 Cargo=9]

---------------------------------------------------------------
AI 4 chose Size
AI 3 played Size : 1
AI 4 played Size : 10

---------------------------------------------------------------
Communal Deck is empty.
---------------------------------------------------------------
AI 3
Card [name=BlackHole Size=4 Speed=5 Range=6 Firepower=10 Cargo=2]
Card [name=Blue Size=5 Speed=6 Range=8 Firepower=7 Cargo=0]
AI 4
Card [name=Enforcer Size=3 Speed=4 Range=9 Firepower=2 Cargo=1]
Card [name=Sec39 Size=8 Speed=3 Range=4 Firepower=0 Cargo=9]
Card [name=Hawk Size=1 Speed=3 Range=2 Firepower=4 Cargo=0]
Card [name=Timebomb Size=9 Speed=4 Range=6 Firepower=3 Cargo=2]
Card [name=Pirate Size=1 Speed=3 Range=5 Firepower=2 Cargo=9]
Card [name=Ares Size=2 Speed=9 Range=5 Firepower=1 Cargo=0]
Card [name=Merchantman Size=7 Speed=3 Range=5 Firepower=6 Cargo=8]
Card [name=Robin Size=4 Speed=0 Range=7 Firepower=3 Cargo=10]
Card [name=LifeForce Size=7 Speed=5 Range=1 Firepower=6 Cargo=0]
Card [name=Idris Size=8 Speed=2 Range=7 Firepower=10 Cargo=6]
Card [name=Avenger Size=2 Speed=5 Range=4 Firepower=3 Cargo=2]
Card [name=Titan Size=9 Speed=0 Range=4 Firepower=2 Cargo=3]
Card [name=Stunner Size=10 Speed=6 Range=7 Firepower=5 Cargo=2]
Card [name=Convenience Size=3 Speed=4 Range=1 Firepower=0 Cargo=2]
Card [name=Wasp Size=2 Speed=5 Range=2 Firepower=4 Cargo=1]
Card [name=Zeus Size=2 Speed=1 Range=10 Firepower=4 Cargo=6]
Card [name=Poseidon Size=1 Speed=6 Range=5 Firepower=4 Cargo=0]
Card [name=T64 Size=1 Speed=10 Range=3 Firepower=3 Cargo=2]
Card [name=m50 Size=1 Speed=10 Range=2 Firepower=2 Cargo=0]
Card [name=350r Size=1 Speed=9 Range=2 Firepower=3 Cargo=0]
Card [name=Carrack Size=6 Speed=2 Range=10 Firepower=4 Cargo=6]
Card [name=Rovver Size=6 Speed=7 Range=4 Firepower=1 Cargo=5]
Card [name=Vanguard Size=3 Speed=4 Range=5 Firepower=6 Cargo=1]
Card [name=Hades Size=10 Speed=2 Range=3 Firepower=9 Cargo=1]
Card [name=Hurricane Size=2 Speed=5 Range=3 Firepower=5 Cargo=0]
Card [name=Katana Size=3 Speed=4 Range=7 Firepower=2 Cargo=6]
Card [name=Neptune Size=1 Speed=2 Range=3 Firepower=9 Cargo=10]
Card [name=Ness Size=10 Speed=5 Range=6 Firepower=4 Cargo=2]
Card [name=Pegasus Size=2 Speed=5 Range=4 Firepower=6 Cargo=7]
Card [name=Constellation Size=4 Speed=5 Range=7 Firepower=3 Cargo=4]
Card [name=Sabre Size=2 Speed=6 Range=5 Firepower=3 Cargo=1]
Card [name=Artemis Size=3 Speed=4 Range=7 Firepower=8 Cargo=5]
Card [name=MilkyWay Size=6 Speed=7 Range=4 Firepower=0 Cargo=5]
Card [name=Star Size=6 Speed=7 Range=2 Firepower=5 Cargo=3]
Card [name=Gallaxy Size=1 Speed=3 Range=5 Firepower=8 Cargo=7]
Card [name=Hornet Size=2 Speed=5 Range=3 Firepower=4 Cargo=1]
Card [name=Controller Size=1 Speed=4 Range=5 Firepower=5 Cargo=6]
Card [name=Orion Size=10 Speed=1 Range=6 Firepower=2 Cargo=9]

---------------------------------------------------------------
Cards in play are:
AI 3's Card [name=BlackHole Size=4 Speed=5 Range=6 Firepower=10 Cargo=2]
AI 4's Card [name=Enforcer Size=3 Speed=4 Range=9 Firepower=2 Cargo=1]

---------------------------------------------------------------
AI 4 chose Range
AI 3 played Range : 6
AI 4 played Range : 9

---------------------------------------------------------------
Communal Deck is empty.
---------------------------------------------------------------
AI 3
Card [name=Blue Size=5 Speed=6 Range=8 Firepower=7 Cargo=0]
AI 4
Card [name=Sec39 Size=8 Speed=3 Range=4 Firepower=0 Cargo=9]
Card [name=Hawk Size=1 Speed=3 Range=2 Firepower=4 Cargo=0]
Card [name=Timebomb Size=9 Speed=4 Range=6 Firepower=3 Cargo=2]
Card [name=Pirate Size=1 Speed=3 Range=5 Firepower=2 Cargo=9]
Card [name=Ares Size=2 Speed=9 Range=5 Firepower=1 Cargo=0]
Card [name=Merchantman Size=7 Speed=3 Range=5 Firepower=6 Cargo=8]
Card [name=Robin Size=4 Speed=0 Range=7 Firepower=3 Cargo=10]
Card [name=LifeForce Size=7 Speed=5 Range=1 Firepower=6 Cargo=0]
Card [name=Idris Size=8 Speed=2 Range=7 Firepower=10 Cargo=6]
Card [name=Avenger Size=2 Speed=5 Range=4 Firepower=3 Cargo=2]
Card [name=Titan Size=9 Speed=0 Range=4 Firepower=2 Cargo=3]
Card [name=Stunner Size=10 Speed=6 Range=7 Firepower=5 Cargo=2]
Card [name=Convenience Size=3 Speed=4 Range=1 Firepower=0 Cargo=2]
Card [name=Wasp Size=2 Speed=5 Range=2 Firepower=4 Cargo=1]
Card [name=Zeus Size=2 Speed=1 Range=10 Firepower=4 Cargo=6]
Card [name=Poseidon Size=1 Speed=6 Range=5 Firepower=4 Cargo=0]
Card [name=T64 Size=1 Speed=10 Range=3 Firepower=3 Cargo=2]
Card [name=m50 Size=1 Speed=10 Range=2 Firepower=2 Cargo=0]
Card [name=350r Size=1 Speed=9 Range=2 Firepower=3 Cargo=0]
Card [name=Carrack Size=6 Speed=2 Range=10 Firepower=4 Cargo=6]
Card [name=Rovver Size=6 Speed=7 Range=4 Firepower=1 Cargo=5]
Card [name=Vanguard Size=3 Speed=4 Range=5 Firepower=6 Cargo=1]
Card [name=Hades Size=10 Speed=2 Range=3 Firepower=9 Cargo=1]
Card [name=Hurricane Size=2 Speed=5 Range=3 Firepower=5 Cargo=0]
Card [name=Katana Size=3 Speed=4 Range=7 Firepower=2 Cargo=6]
Card [name=Neptune Size=1 Speed=2 Range=3 Firepower=9 Cargo=10]
Card [name=Ness Size=10 Speed=5 Range=6 Firepower=4 Cargo=2]
Card [name=Pegasus Size=2 Speed=5 Range=4 Firepower=6 Cargo=7]
Card [name=Constellation Size=4 Speed=5 Range=7 Firepower=3 Cargo=4]
Card [name=Sabre Size=2 Speed=6 Range=5 Firepower=3 Cargo=1]
Card [name=Artemis Size=3 Speed=4 Range=7 Firepower=8 Cargo=5]
Card [name=MilkyWay Size=6 Speed=7 Range=4 Firepower=0 Cargo=5]
Card [name=Star Size=6 Speed=7 Range=2 Firepower=5 Cargo=3]
Card [name=Gallaxy Size=1 Speed=3 Range=5 Firepower=8 Cargo=7]
Card [name=Hornet Size=2 Speed=5 Range=3 Firepower=4 Cargo=1]
Card [name=Controller Size=1 Speed=4 Range=5 Firepower=5 Cargo=6]
Card [name=Orion Size=10 Speed=1 Range=6 Firepower=2 Cargo=9]
Card [name=BlackHole Size=4 Speed=5 Range=6 Firepower=10 Cargo=2]
Card [name=Enforcer Size=3 Speed=4 Range=9 Firepower=2 Cargo=1]

---------------------------------------------------------------
Cards in play are:
AI 3's Card [name=Blue Size=5 Speed=6 Range=8 Firepower=7 Cargo=0]
AI 4's Card [name=Sec39 Size=8 Speed=3 Range=4 Firepower=0 Cargo=9]

---------------------------------------------------------------
AI 4 chose Cargo
AI 3 played Cargo : 0
AI 4 played Cargo : 9

---------------------------------------------------------------
Communal Deck is empty.
---------------------------------------------------------------
AI 3
AI 4
Card [name=Hawk Size=1 Speed=3 Range=2 Firepower=4 Cargo=0]
Card [name=Timebomb Size=9 Speed=4 Range=6 Firepower=3 Cargo=2]
Card [name=Pirate Size=1 Speed=3 Range=5 Firepower=2 Cargo=9]
Card [name=Ares Size=2 Speed=9 Range=5 Firepower=1 Cargo=0]
Card [name=Merchantman Size=7 Speed=3 Range=5 Firepower=6 Cargo=8]
Card [name=Robin Size=4 Speed=0 Range=7 Firepower=3 Cargo=10]
Card [name=LifeForce Size=7 Speed=5 Range=1 Firepower=6 Cargo=0]
Card [name=Idris Size=8 Speed=2 Range=7 Firepower=10 Cargo=6]
Card [name=Avenger Size=2 Speed=5 Range=4 Firepower=3 Cargo=2]
Card [name=Titan Size=9 Speed=0 Range=4 Firepower=2 Cargo=3]
Card [name=Stunner Size=10 Speed=6 Range=7 Firepower=5 Cargo=2]
Card [name=Convenience Size=3 Speed=4 Range=1 Firepower=0 Cargo=2]
Card [name=Wasp Size=2 Speed=5 Range=2 Firepower=4 Cargo=1]
Card [name=Zeus Size=2 Speed=1 Range=10 Firepower=4 Cargo=6]
Card [name=Poseidon Size=1 Speed=6 Range=5 Firepower=4 Cargo=0]
Card [name=T64 Size=1 Speed=10 Range=3 Firepower=3 Cargo=2]
Card [name=m50 Size=1 Speed=10 Range=2 Firepower=2 Cargo=0]
Card [name=350r Size=1 Speed=9 Range=2 Firepower=3 Cargo=0]
Card [name=Carrack Size=6 Speed=2 Range=10 Firepower=4 Cargo=6]
Card [name=Rovver Size=6 Speed=7 Range=4 Firepower=1 Cargo=5]
Card [name=Vanguard Size=3 Speed=4 Range=5 Firepower=6 Cargo=1]
Card [name=Hades Size=10 Speed=2 Range=3 Firepower=9 Cargo=1]
Card [name=Hurricane Size=2 Speed=5 Range=3 Firepower=5 Cargo=0]
Card [name=Katana Size=3 Speed=4 Range=7 Firepower=2 Cargo=6]
Card [name=Neptune Size=1 Speed=2 Range=3 Firepower=9 Cargo=10]
Card [name=Ness Size=10 Speed=5 Range=6 Firepower=4 Cargo=2]
Card [name=Pegasus Size=2 Speed=5 Range=4 Firepower=6 Cargo=7]
Card [name=Constellation Size=4 Speed=5 Range=7 Firepower=3 Cargo=4]
Card [name=Sabre Size=2 Speed=6 Range=5 Firepower=3 Cargo=1]
Card [name=Artemis Size=3 Speed=4 Range=7 Firepower=8 Cargo=5]
Card [name=MilkyWay Size=6 Speed=7 Range=4 Firepower=0 Cargo=5]
Card [name=Star Size=6 Speed=7 Range=2 Firepower=5 Cargo=3]
Card [name=Gallaxy Size=1 Speed=3 Range=5 Firepower=8 Cargo=7]
Card [name=Hornet Size=2 Speed=5 Range=3 Firepower=4 Cargo=1]
Card [name=Controller Size=1 Speed=4 Range=5 Firepower=5 Cargo=6]
Card [name=Orion Size=10 Speed=1 Range=6 Firepower=2 Cargo=9]
Card [name=BlackHole Size=4 Speed=5 Range=6 Firepower=10 Cargo=2]
Card [name=Enforcer Size=3 Speed=4 Range=9 Firepower=2 Cargo=1]
Card [name=Blue Size=5 Speed=6 Range=8 Firepower=7 Cargo=0]
Card [name=Sec39 Size=8 Speed=3 Range=4 Firepower=0 Cargo=9]

---------------------------------------------------------------
Winner: AI 4
---------------------------------------------------------------
